TN:
SF:deps\glift-core\glift.js
FN:14,(anonymous_0)
FN:17,(anonymous_1)
FN:22,(anonymous_2)
FN:29,(anonymous_3)
FNF:4
FNH:0
FNDA:0,(anonymous_0)
FNDA:0,(anonymous_1)
FNDA:0,(anonymous_2)
FNDA:0,(anonymous_3)
DA:11,0
DA:12,0
DA:18,0
DA:26,0
DA:29,0
DA:31,0
DA:35,0
DA:36,0
LF:8
LH:0
BRDA:11,0,0,0
BRDA:11,0,1,0
BRDA:11,1,0,0
BRDA:11,1,1,0
BRDA:31,2,0,0
BRDA:31,2,1,0
BRDA:32,3,0,0
BRDA:32,3,1,0
BRDA:35,4,0,0
BRDA:35,4,1,0
BRF:10
BRH:0
end_of_record
TN:
SF:deps\glift-core\global.js
FNF:0
FNH:0
DA:7,0
LF:1
LH:0
BRF:0
BRH:0
end_of_record
TN:
SF:deps\glift-core\dev\closure-compiler.js
FN:18,(anonymous_0)
FNF:1
FNH:0
FNDA:0,(anonymous_0)
DA:7,0
DA:18,0
DA:19,0
DA:20,0
DA:23,0
DA:66,0
LF:6
LH:0
BRDA:19,0,0,0
BRDA:19,0,1,0
BRF:2
BRH:0
end_of_record
TN:
SF:deps\glift-core\dev\srcgen.js
FN:60,(anonymous_0)
FN:76,(anonymous_1)
FN:97,(anonymous_2)
FN:106,(anonymous_3)
FNF:4
FNH:0
FNDA:0,(anonymous_0)
FNDA:0,(anonymous_1)
FNDA:0,(anonymous_2)
FNDA:0,(anonymous_3)
DA:3,0
DA:4,0
DA:60,0
DA:61,0
DA:62,0
DA:71,0
DA:73,0
DA:74,0
DA:76,0
DA:77,0
DA:78,0
DA:80,0
DA:81,0
DA:82,0
DA:84,0
DA:85,0
DA:86,0
DA:87,0
DA:91,0
DA:93,0
DA:94,0
DA:97,0
DA:98,0
DA:99,0
DA:100,0
DA:101,0
DA:106,0
DA:107,0
DA:108,0
DA:109,0
DA:111,0
DA:112,0
DA:113,0
DA:115,0
DA:119,0
DA:122,0
LF:36
LH:0
BRDA:61,0,0,0
BRDA:61,0,1,0
BRDA:61,1,0,0
BRDA:61,1,1,0
BRDA:74,2,0,0
BRDA:74,2,1,0
BRDA:81,3,0,0
BRDA:81,3,1,0
BRDA:84,4,0,0
BRDA:84,4,1,0
BRDA:86,5,0,0
BRDA:86,5,1,0
BRDA:93,6,0,0
BRDA:93,6,1,0
BRDA:100,7,0,0
BRDA:100,7,1,0
BRDA:107,8,0,0
BRDA:107,8,1,0
BRDA:112,9,0,0
BRDA:112,9,1,0
BRF:20
BRH:0
end_of_record
TN:
SF:deps\glift-core\dev\updatehtml.js
FN:29,(anonymous_0)
FN:42,(anonymous_1)
FN:46,(anonymous_2)
FN:51,(anonymous_3)
FN:70,(anonymous_4)
FNF:5
FNH:0
FNDA:0,(anonymous_0)
FNDA:0,(anonymous_1)
FNDA:0,(anonymous_2)
FNDA:0,(anonymous_3)
FNDA:0,(anonymous_4)
DA:3,0
DA:4,0
DA:5,0
DA:6,0
DA:29,0
DA:30,0
DA:31,0
DA:32,0
DA:33,0
DA:34,0
DA:36,0
DA:37,0
DA:39,0
DA:41,0
DA:43,0
DA:44,0
DA:47,0
DA:49,0
DA:50,0
DA:51,0
DA:52,0
DA:54,0
DA:55,0
DA:56,0
DA:57,0
DA:60,0
DA:61,0
DA:64,0
DA:66,0
DA:67,0
DA:70,0
DA:71,0
DA:72,0
DA:73,0
DA:75,0
DA:76,0
DA:80,0
DA:81,0
DA:82,0
DA:85,0
DA:90,0
LF:41
LH:0
BRDA:39,0,0,0
BRDA:39,0,1,0
BRDA:55,1,0,0
BRDA:55,1,1,0
BRDA:66,2,0,0
BRDA:66,2,1,0
BRDA:73,3,0,0
BRDA:73,3,1,0
BRF:8
BRH:0
end_of_record
TN:
SF:deps\glift-core\flattener\board.js
FN:18,(anonymous_0)
FN:55,(anonymous_1)
FN:79,(anonymous_2)
FN:109,(anonymous_3)
FN:117,(anonymous_4)
FN:125,(anonymous_5)
FN:133,(anonymous_6)
FN:138,(anonymous_7)
FN:150,(anonymous_8)
FN:159,(anonymous_9)
FN:189,(anonymous_10)
FN:223,(anonymous_11)
FN:249,(anonymous_12)
FN:261,(anonymous_13)
FN:269,(anonymous_14)
FN:290,(anonymous_15)
FN:316,(anonymous_16)
FN:323,(anonymous_17)
FN:345,(anonymous_18)
FN:417,(anonymous_19)
FNF:20
FNH:0
FNDA:0,(anonymous_0)
FNDA:0,(anonymous_1)
FNDA:0,(anonymous_2)
FNDA:0,(anonymous_3)
FNDA:0,(anonymous_4)
FNDA:0,(anonymous_5)
FNDA:0,(anonymous_6)
FNDA:0,(anonymous_7)
FNDA:0,(anonymous_8)
FNDA:0,(anonymous_9)
FNDA:0,(anonymous_10)
FNDA:0,(anonymous_11)
FNDA:0,(anonymous_12)
FNDA:0,(anonymous_13)
FNDA:0,(anonymous_14)
FNDA:0,(anonymous_15)
FNDA:0,(anonymous_16)
FNDA:0,(anonymous_17)
FNDA:0,(anonymous_18)
FNDA:0,(anonymous_19)
DA:1,0
DA:2,0
DA:3,0
DA:5,0
DA:19,0
DA:20,0
DA:21,0
DA:22,0
DA:23,0
DA:24,0
DA:25,0
DA:26,0
DA:27,0
DA:28,0
DA:29,0
DA:30,0
DA:31,0
DA:41,0
DA:43,0
DA:56,0
DA:59,0
DA:61,0
DA:79,0
DA:87,0
DA:94,0
DA:101,0
DA:104,0
DA:110,0
DA:118,0
DA:126,0
DA:134,0
DA:139,0
DA:151,0
DA:161,0
DA:190,0
DA:194,0
DA:199,0
DA:201,0
DA:224,0
DA:228,0
DA:233,0
DA:235,0
DA:236,0
DA:237,0
DA:239,0
DA:250,0
DA:262,0
DA:270,0
DA:291,0
DA:292,0
DA:293,0
DA:295,0
DA:296,0
DA:297,0
DA:299,0
DA:301,0
DA:323,0
DA:324,0
DA:326,0
DA:329,0
DA:332,0
DA:346,0
DA:352,0
DA:354,0
DA:358,0
DA:370,0
DA:371,0
DA:372,0
DA:373,0
DA:375,0
DA:376,0
DA:377,0
DA:381,0
DA:382,0
DA:384,0
DA:385,0
DA:386,0
DA:387,0
DA:398,0
DA:417,0
DA:423,0
DA:424,0
DA:425,0
DA:426,0
LF:84
LH:0
BRDA:28,0,0,0
BRDA:28,0,1,0
BRDA:56,1,0,0
BRDA:56,1,1,0
BRDA:140,2,0,0
BRDA:140,2,1,0
BRDA:190,3,0,0
BRDA:190,3,1,0
BRDA:191,4,0,0
BRDA:191,4,1,0
BRDA:224,5,0,0
BRDA:224,5,1,0
BRDA:225,6,0,0
BRDA:225,6,1,0
BRDA:236,7,0,0
BRDA:236,7,1,0
BRDA:239,8,0,0
BRDA:239,8,1,0
BRDA:324,9,0,0
BRDA:324,9,1,0
BRDA:324,10,0,0
BRDA:324,10,1,0
BRDA:346,11,0,0
BRDA:346,11,1,0
BRDA:347,12,0,0
BRDA:347,12,1,0
BRDA:347,12,2,0
BRDA:347,12,3,0
BRDA:354,13,0,0
BRDA:354,13,1,0
BRDA:355,14,0,0
BRDA:355,14,1,0
BRDA:381,15,0,0
BRDA:381,15,1,0
BRDA:385,16,0,0
BRDA:385,16,1,0
BRF:36
BRH:0
end_of_record
TN:
SF:deps\glift-core\flattener\board_points.js
FN:76,(anonymous_0)
FN:120,(anonymous_1)
FN:124,(anonymous_2)
FN:136,(anonymous_3)
FN:144,(anonymous_4)
FN:153,(anonymous_5)
FN:164,(anonymous_6)
FN:184,(anonymous_7)
FN:209,(anonymous_8)
FN:250,(anonymous_9)
FN:253,(anonymous_10)
FNF:11
FNH:0
FNDA:0,(anonymous_0)
FNDA:0,(anonymous_1)
FNDA:0,(anonymous_2)
FNDA:0,(anonymous_3)
FNDA:0,(anonymous_4)
FNDA:0,(anonymous_5)
FNDA:0,(anonymous_6)
FNDA:0,(anonymous_7)
FNDA:0,(anonymous_8)
FNDA:0,(anonymous_9)
FNDA:0,(anonymous_10)
DA:1,0
DA:2,0
DA:3,0
DA:16,0
DA:27,0
DA:49,0
DA:76,0
DA:85,0
DA:88,0
DA:89,0
DA:90,0
DA:91,0
DA:95,0
DA:97,0
DA:103,0
DA:109,0
DA:112,0
DA:115,0
DA:118,0
DA:121,0
DA:125,0
DA:137,0
DA:145,0
DA:154,0
DA:165,0
DA:166,0
DA:167,0
DA:168,0
DA:169,0
DA:170,0
DA:173,0
DA:184,0
DA:189,0
DA:190,0
DA:191,0
DA:209,0
DA:210,0
DA:211,0
DA:213,0
DA:215,0
DA:217,0
DA:219,0
DA:220,0
DA:221,0
DA:225,0
DA:227,0
DA:229,0
DA:230,0
DA:231,0
DA:232,0
DA:233,0
DA:234,0
DA:236,0
DA:237,0
DA:238,0
DA:239,0
DA:240,0
DA:242,0
DA:250,0
DA:251,0
DA:253,0
DA:254,0
DA:257,0
DA:258,0
DA:259,0
DA:260,0
DA:261,0
DA:266,0
DA:267,0
DA:269,0
DA:272,0
DA:273,0
DA:275,0
DA:276,0
DA:278,0
DA:279,0
DA:281,0
DA:282,0
DA:285,0
DA:286,0
DA:287,0
DA:288,0
DA:289,0
DA:291,0
DA:293,0
DA:298,0
DA:305,0
LF:87
LH:0
BRDA:169,0,0,0
BRDA:169,0,1,0
BRDA:189,1,0,0
BRDA:189,1,1,0
BRDA:220,2,0,0
BRDA:220,2,1,0
BRDA:227,3,0,0
BRDA:227,3,1,0
BRDA:229,4,0,0
BRDA:229,4,1,0
BRDA:231,5,0,0
BRDA:231,5,1,0
BRDA:232,6,0,0
BRDA:232,6,1,0
BRDA:233,7,0,0
BRDA:233,7,1,0
BRDA:234,8,0,0
BRDA:234,8,1,0
BRDA:236,9,0,0
BRDA:236,9,1,0
BRDA:251,10,0,0
BRDA:251,10,1,0
BRDA:254,11,0,0
BRDA:254,11,1,0
BRDA:266,12,0,0
BRDA:266,12,1,0
BRDA:266,13,0,0
BRDA:266,13,1,0
BRDA:266,13,2,0
BRDA:267,14,0,0
BRDA:267,14,1,0
BRDA:267,15,0,0
BRDA:267,15,1,0
BRDA:272,16,0,0
BRDA:272,16,1,0
BRDA:272,17,0,0
BRDA:272,17,1,0
BRDA:275,18,0,0
BRDA:275,18,1,0
BRDA:275,19,0,0
BRDA:275,19,1,0
BRDA:278,20,0,0
BRDA:278,20,1,0
BRDA:278,21,0,0
BRDA:278,21,1,0
BRDA:281,22,0,0
BRDA:281,22,1,0
BRDA:281,23,0,0
BRDA:281,23,1,0
BRDA:286,24,0,0
BRDA:286,24,1,0
BRDA:288,25,0,0
BRDA:288,25,1,0
BRF:53
BRH:0
end_of_record
TN:
SF:deps\glift-core\flattener\board_points_test.js
FN:1,(anonymous_0)
FN:9,(anonymous_1)
FN:48,(anonymous_2)
FN:64,(anonymous_3)
FN:92,(anonymous_4)
FN:107,(anonymous_5)
FN:158,(anonymous_6)
FN:180,(anonymous_7)
FN:211,(anonymous_8)
FNF:9
FNH:0
FNDA:0,(anonymous_0)
FNDA:0,(anonymous_1)
FNDA:0,(anonymous_2)
FNDA:0,(anonymous_3)
FNDA:0,(anonymous_4)
FNDA:0,(anonymous_5)
FNDA:0,(anonymous_6)
FNDA:0,(anonymous_7)
FNDA:0,(anonymous_8)
DA:1,0
DA:2,0
DA:3,0
DA:4,0
DA:5,0
DA:6,0
DA:7,0
DA:9,0
DA:10,0
DA:11,0
DA:12,0
DA:13,0
DA:15,0
DA:16,0
DA:22,0
DA:23,0
DA:29,0
DA:30,0
DA:34,0
DA:40,0
DA:42,0
DA:48,0
DA:49,0
DA:52,0
DA:53,0
DA:54,0
DA:55,0
DA:56,0
DA:58,0
DA:64,0
DA:65,0
DA:66,0
DA:67,0
DA:79,0
DA:80,0
DA:88,0
DA:89,0
DA:92,0
DA:93,0
DA:96,0
DA:97,0
DA:107,0
DA:108,0
DA:111,0
DA:112,0
DA:113,0
DA:117,0
DA:121,0
DA:125,0
DA:129,0
DA:133,0
DA:138,0
DA:139,0
DA:145,0
DA:146,0
DA:152,0
DA:158,0
DA:159,0
DA:162,0
DA:165,0
DA:169,0
DA:174,0
DA:180,0
DA:181,0
DA:182,0
DA:183,0
DA:186,0
DA:191,0
DA:196,0
DA:201,0
DA:211,0
DA:212,0
DA:213,0
DA:216,0
DA:217,0
LF:75
LH:0
BRF:0
BRH:0
end_of_record
TN:
SF:deps\glift-core\flattener\board_test.js
FN:1,(anonymous_0)
FN:32,(anonymous_1)
FN:43,(anonymous_2)
FN:64,(anonymous_3)
FN:75,(anonymous_4)
FN:86,(anonymous_5)
FN:126,(anonymous_6)
FN:129,(anonymous_7)
FN:146,(anonymous_8)
FN:186,(anonymous_9)
FN:224,(anonymous_10)
FN:228,(anonymous_11)
FN:282,(anonymous_12)
FNF:13
FNH:0
FNDA:0,(anonymous_0)
FNDA:0,(anonymous_1)
FNDA:0,(anonymous_2)
FNDA:0,(anonymous_3)
FNDA:0,(anonymous_4)
FNDA:0,(anonymous_5)
FNDA:0,(anonymous_6)
FNDA:0,(anonymous_7)
FNDA:0,(anonymous_8)
FNDA:0,(anonymous_9)
FNDA:0,(anonymous_10)
FNDA:0,(anonymous_11)
FNDA:0,(anonymous_12)
DA:1,0
DA:2,0
DA:3,0
DA:4,0
DA:6,0
DA:10,0
DA:11,0
DA:13,0
DA:18,0
DA:19,0
DA:23,0
DA:27,0
DA:32,0
DA:33,0
DA:34,0
DA:41,0
DA:43,0
DA:44,0
DA:46,0
DA:47,0
DA:49,0
DA:50,0
DA:51,0
DA:52,0
DA:53,0
DA:55,0
DA:56,0
DA:58,0
DA:59,0
DA:60,0
DA:61,0
DA:64,0
DA:65,0
DA:66,0
DA:67,0
DA:69,0
DA:70,0
DA:71,0
DA:72,0
DA:75,0
DA:76,0
DA:77,0
DA:78,0
DA:79,0
DA:83,0
DA:86,0
DA:88,0
DA:89,0
DA:90,0
DA:92,0
DA:96,0
DA:99,0
DA:100,0
DA:101,0
DA:103,0
DA:107,0
DA:110,0
DA:111,0
DA:112,0
DA:114,0
DA:118,0
DA:121,0
DA:122,0
DA:123,0
DA:126,0
DA:127,0
DA:128,0
DA:129,0
DA:130,0
DA:131,0
DA:132,0
DA:133,0
DA:135,0
DA:138,0
DA:139,0
DA:141,0
DA:142,0
DA:143,0
DA:146,0
DA:147,0
DA:155,0
DA:176,0
DA:177,0
DA:178,0
DA:179,0
DA:180,0
DA:186,0
DA:187,0
DA:199,0
DA:211,0
DA:212,0
DA:213,0
DA:214,0
DA:218,0
DA:224,0
DA:225,0
DA:226,0
DA:227,0
DA:228,0
DA:229,0
DA:230,0
DA:231,0
DA:232,0
DA:234,0
DA:237,0
DA:246,0
DA:263,0
DA:264,0
DA:265,0
DA:267,0
DA:272,0
DA:274,0
DA:279,0
DA:282,0
DA:283,0
DA:299,0
DA:324,0
DA:325,0
DA:326,0
DA:327,0
DA:328,0
DA:329,0
LF:122
LH:0
BRDA:33,0,0,0
BRDA:33,0,1,0
BRDA:35,1,0,0
BRDA:35,1,1,0
BRDA:36,2,0,0
BRDA:36,2,1,0
BRDA:37,3,0,0
BRDA:37,3,1,0
BRDA:38,4,0,0
BRDA:38,4,1,0
BRDA:130,5,0,0
BRDA:130,5,1,0
BRDA:132,6,0,0
BRDA:132,6,1,0
BRDA:229,7,0,0
BRDA:229,7,1,0
BRDA:231,8,0,0
BRDA:231,8,1,0
BRF:18
BRH:0
end_of_record
TN:
SF:deps\glift-core\flattener\flattened.js
FN:38,(anonymous_0)
FN:54,(anonymous_1)
FN:160,(anonymous_2)
FN:168,(anonymous_3)
FN:185,(anonymous_4)
FN:196,(anonymous_5)
FN:206,(anonymous_6)
FN:222,(anonymous_7)
FN:232,(anonymous_8)
FN:242,(anonymous_9)
FN:252,(anonymous_10)
FN:262,(anonymous_11)
FN:273,(anonymous_12)
FN:282,(anonymous_13)
FN:291,(anonymous_14)
FN:304,(anonymous_15)
FN:315,(anonymous_16)
FN:325,(anonymous_17)
FN:342,(anonymous_18)
FNF:19
FNH:0
FNDA:0,(anonymous_0)
FNDA:0,(anonymous_1)
FNDA:0,(anonymous_2)
FNDA:0,(anonymous_3)
FNDA:0,(anonymous_4)
FNDA:0,(anonymous_5)
FNDA:0,(anonymous_6)
FNDA:0,(anonymous_7)
FNDA:0,(anonymous_8)
FNDA:0,(anonymous_9)
FNDA:0,(anonymous_10)
FNDA:0,(anonymous_11)
FNDA:0,(anonymous_12)
FNDA:0,(anonymous_13)
FNDA:0,(anonymous_14)
FNDA:0,(anonymous_15)
FNDA:0,(anonymous_16)
FNDA:0,(anonymous_17)
FNDA:0,(anonymous_18)
DA:1,0
DA:2,0
DA:25,0
DA:28,0
DA:38,0
DA:39,0
DA:40,0
DA:42,0
DA:43,0
DA:44,0
DA:45,0
DA:54,0
DA:59,0
DA:65,0
DA:71,0
DA:78,0
DA:87,0
DA:96,0
DA:99,0
DA:106,0
DA:114,0
DA:123,0
DA:130,0
DA:137,0
DA:145,0
DA:152,0
DA:155,0
DA:161,0
DA:169,0
DA:186,0
DA:197,0
DA:207,0
DA:223,0
DA:233,0
DA:243,0
DA:253,0
DA:263,0
DA:274,0
DA:283,0
DA:292,0
DA:305,0
DA:316,0
DA:326,0
DA:343,0
DA:344,0
DA:346,0
DA:347,0
DA:349,0
DA:351,0
DA:352,0
DA:354,0
DA:356,0
LF:52
LH:0
BRDA:39,0,0,0
BRDA:39,0,1,0
BRDA:344,1,0,0
BRDA:344,1,1,0
BRDA:346,2,0,0
BRDA:346,2,1,0
BRDA:346,3,0,0
BRDA:346,3,1,0
BRDA:352,4,0,0
BRDA:352,4,1,0
BRDA:352,5,0,0
BRDA:352,5,1,0
BRDA:352,5,2,0
BRF:13
BRH:0
end_of_record
TN:
SF:deps\glift-core\flattener\flattener.js
FN:105,(anonymous_0)
FN:282,(anonymous_1)
FN:323,(anonymous_2)
FN:380,(anonymous_3)
FN:440,(anonymous_4)
FN:466,(anonymous_5)
FN:494,(anonymous_6)
FN:555,(anonymous_7)
FN:636,(anonymous_8)
FN:654,(anonymous_9)
FN:669,(anonymous_10)
FNF:11
FNH:0
FNDA:0,(anonymous_0)
FNDA:0,(anonymous_1)
FNDA:0,(anonymous_2)
FNDA:0,(anonymous_3)
FNDA:0,(anonymous_4)
FNDA:0,(anonymous_5)
FNDA:0,(anonymous_6)
FNDA:0,(anonymous_7)
FNDA:0,(anonymous_8)
FNDA:0,(anonymous_9)
FNDA:0,(anonymous_10)
DA:1,0
DA:8,0
DA:65,0
DA:88,0
DA:105,0
DA:107,0
DA:108,0
DA:110,0
DA:111,0
DA:114,0
DA:120,0
DA:124,0
DA:128,0
DA:130,0
DA:132,0
DA:133,0
DA:137,0
DA:139,0
DA:140,0
DA:146,0
DA:149,0
DA:153,0
DA:158,0
DA:159,0
DA:160,0
DA:161,0
DA:165,0
DA:168,0
DA:171,0
DA:176,0
DA:181,0
DA:182,0
DA:186,0
DA:189,0
DA:195,0
DA:198,0
DA:199,0
DA:203,0
DA:213,0
DA:221,0
DA:222,0
DA:225,0
DA:230,0
DA:234,0
DA:235,0
DA:239,0
DA:241,0
DA:243,0
DA:282,0
DA:283,0
DA:284,0
DA:285,0
DA:286,0
DA:288,0
DA:289,0
DA:291,0
DA:293,0
DA:294,0
DA:295,0
DA:302,0
DA:305,0
DA:306,0
DA:309,0
DA:311,0
DA:323,0
DA:324,0
DA:326,0
DA:327,0
DA:328,0
DA:329,0
DA:332,0
DA:333,0
DA:334,0
DA:335,0
DA:336,0
DA:337,0
DA:340,0
DA:363,0
DA:380,0
DA:382,0
DA:383,0
DA:384,0
DA:386,0
DA:388,0
DA:395,0
DA:396,0
DA:397,0
DA:398,0
DA:399,0
DA:400,0
DA:401,0
DA:402,0
DA:403,0
DA:404,0
DA:406,0
DA:407,0
DA:408,0
DA:414,0
DA:440,0
DA:441,0
DA:442,0
DA:443,0
DA:444,0
DA:446,0
DA:449,0
DA:450,0
DA:451,0
DA:452,0
DA:454,0
DA:466,0
DA:467,0
DA:468,0
DA:469,0
DA:470,0
DA:471,0
DA:472,0
DA:473,0
DA:477,0
DA:494,0
DA:500,0
DA:501,0
DA:502,0
DA:503,0
DA:504,0
DA:505,0
DA:506,0
DA:507,0
DA:513,0
DA:522,0
DA:524,0
DA:525,0
DA:527,0
DA:555,0
DA:561,0
DA:562,0
DA:565,0
DA:566,0
DA:567,0
DA:568,0
DA:571,0
DA:572,0
DA:573,0
DA:574,0
DA:575,0
DA:581,0
DA:582,0
DA:583,0
DA:584,0
DA:585,0
DA:588,0
DA:589,0
DA:590,0
DA:594,0
DA:595,0
DA:601,0
DA:603,0
DA:604,0
DA:605,0
DA:606,0
DA:609,0
DA:610,0
DA:611,0
DA:612,0
DA:613,0
DA:615,0
DA:620,0
DA:621,0
DA:624,0
DA:636,0
DA:637,0
DA:638,0
DA:639,0
DA:640,0
DA:654,0
DA:655,0
DA:656,0
DA:657,0
DA:658,0
DA:669,0
DA:670,0
DA:671,0
DA:672,0
DA:673,0
DA:674,0
DA:677,0
LF:185
LH:0
BRDA:108,0,0,0
BRDA:108,0,1,0
BRDA:110,1,0,0
BRDA:110,1,1,0
BRDA:112,2,0,0
BRDA:112,2,1,0
BRDA:120,3,0,0
BRDA:120,3,1,0
BRDA:124,4,0,0
BRDA:124,4,1,0
BRDA:128,5,0,0
BRDA:128,5,1,0
BRDA:130,6,0,0
BRDA:130,6,1,0
BRDA:132,7,0,0
BRDA:132,7,1,0
BRDA:160,8,0,0
BRDA:160,8,1,0
BRDA:182,9,0,0
BRDA:182,9,1,0
BRDA:199,10,0,0
BRDA:199,10,1,0
BRDA:200,11,0,0
BRDA:200,11,1,0
BRDA:200,11,2,0
BRDA:221,12,0,0
BRDA:221,12,1,0
BRDA:225,13,0,0
BRDA:225,13,1,0
BRDA:225,14,0,0
BRDA:225,14,1,0
BRDA:234,15,0,0
BRDA:234,15,1,0
BRDA:241,16,0,0
BRDA:241,16,1,0
BRDA:283,17,0,0
BRDA:283,17,1,0
BRDA:284,18,0,0
BRDA:284,18,1,0
BRDA:285,19,0,0
BRDA:285,19,1,0
BRDA:288,20,0,0
BRDA:288,20,1,0
BRDA:291,21,0,0
BRDA:291,21,1,0
BRDA:293,22,0,0
BRDA:293,22,1,0
BRDA:294,23,0,0
BRDA:294,23,1,0
BRDA:305,24,0,0
BRDA:305,24,1,0
BRDA:336,25,0,0
BRDA:336,25,1,0
BRDA:383,26,0,0
BRDA:383,26,1,0
BRDA:397,27,0,0
BRDA:397,27,1,0
BRDA:400,28,0,0
BRDA:400,28,1,0
BRDA:442,29,0,0
BRDA:442,29,1,0
BRDA:443,30,0,0
BRDA:443,30,1,0
BRDA:443,31,0,0
BRDA:443,31,1,0
BRDA:468,32,0,0
BRDA:468,32,1,0
BRDA:468,33,0,0
BRDA:468,33,1,0
BRDA:472,34,0,0
BRDA:472,34,1,0
BRDA:502,35,0,0
BRDA:502,35,1,0
BRDA:502,36,0,0
BRDA:502,36,1,0
BRDA:505,37,0,0
BRDA:505,37,1,0
BRDA:507,38,0,0
BRDA:507,38,1,0
BRDA:508,39,0,0
BRDA:508,39,1,0
BRDA:508,39,2,0
BRDA:524,40,0,0
BRDA:524,40,1,0
BRDA:561,41,0,0
BRDA:561,41,1,0
BRDA:561,42,0,0
BRDA:561,42,1,0
BRDA:573,43,0,0
BRDA:573,43,1,0
BRDA:589,44,0,0
BRDA:589,44,1,0
BRDA:589,45,0,0
BRDA:589,45,1,0
BRDA:594,46,0,0
BRDA:594,46,1,0
BRDA:601,47,0,0
BRDA:601,47,1,0
BRDA:604,48,0,0
BRDA:604,48,1,0
BRDA:637,49,0,0
BRDA:637,49,1,0
BRDA:637,50,0,0
BRDA:637,50,1,0
BRDA:639,51,0,0
BRDA:639,51,1,0
BRDA:655,52,0,0
BRDA:655,52,1,0
BRDA:657,53,0,0
BRDA:657,53,1,0
BRDA:673,54,0,0
BRDA:673,54,1,0
BRF:112
BRH:0
end_of_record
TN:
SF:deps\glift-core\flattener\flattener_test.js
FN:1,(anonymous_0)
FN:10,(anonymous_1)
FN:39,(anonymous_2)
FN:50,(anonymous_3)
FN:68,(anonymous_4)
FN:87,(anonymous_5)
FN:96,(anonymous_6)
FN:106,(anonymous_7)
FN:129,(anonymous_8)
FN:145,(anonymous_9)
FN:165,(anonymous_10)
FN:187,(anonymous_11)
FN:233,(anonymous_12)
FN:248,(anonymous_13)
FN:261,(anonymous_14)
FN:282,(anonymous_15)
FN:296,(anonymous_16)
FN:342,(anonymous_17)
FN:370,(anonymous_18)
FNF:19
FNH:0
FNDA:0,(anonymous_0)
FNDA:0,(anonymous_1)
FNDA:0,(anonymous_2)
FNDA:0,(anonymous_3)
FNDA:0,(anonymous_4)
FNDA:0,(anonymous_5)
FNDA:0,(anonymous_6)
FNDA:0,(anonymous_7)
FNDA:0,(anonymous_8)
FNDA:0,(anonymous_9)
FNDA:0,(anonymous_10)
FNDA:0,(anonymous_11)
FNDA:0,(anonymous_12)
FNDA:0,(anonymous_13)
FNDA:0,(anonymous_14)
FNDA:0,(anonymous_15)
FNDA:0,(anonymous_16)
FNDA:0,(anonymous_17)
FNDA:0,(anonymous_18)
DA:1,0
DA:2,0
DA:3,0
DA:4,0
DA:5,0
DA:6,0
DA:7,0
DA:8,0
DA:10,0
DA:11,0
DA:12,0
DA:13,0
DA:14,0
DA:16,0
DA:17,0
DA:18,0
DA:20,0
DA:21,0
DA:22,0
DA:23,0
DA:24,0
DA:26,0
DA:27,0
DA:28,0
DA:29,0
DA:31,0
DA:32,0
DA:34,0
DA:35,0
DA:36,0
DA:39,0
DA:40,0
DA:41,0
DA:42,0
DA:43,0
DA:45,0
DA:46,0
DA:47,0
DA:50,0
DA:51,0
DA:52,0
DA:53,0
DA:57,0
DA:58,0
DA:59,0
DA:60,0
DA:62,0
DA:63,0
DA:64,0
DA:65,0
DA:68,0
DA:69,0
DA:70,0
DA:71,0
DA:76,0
DA:77,0
DA:78,0
DA:79,0
DA:81,0
DA:82,0
DA:83,0
DA:84,0
DA:87,0
DA:88,0
DA:89,0
DA:90,0
DA:93,0
DA:96,0
DA:97,0
DA:98,0
DA:99,0
DA:103,0
DA:106,0
DA:108,0
DA:113,0
DA:114,0
DA:118,0
DA:119,0
DA:120,0
DA:121,0
DA:122,0
DA:124,0
DA:125,0
DA:126,0
DA:129,0
DA:131,0
DA:134,0
DA:135,0
DA:138,0
DA:139,0
DA:140,0
DA:141,0
DA:142,0
DA:145,0
DA:146,0
DA:147,0
DA:148,0
DA:152,0
DA:155,0
DA:156,0
DA:157,0
DA:159,0
DA:160,0
DA:161,0
DA:162,0
DA:165,0
DA:166,0
DA:168,0
DA:172,0
DA:173,0
DA:174,0
DA:175,0
DA:177,0
DA:178,0
DA:179,0
DA:180,0
DA:182,0
DA:183,0
DA:184,0
DA:187,0
DA:188,0
DA:189,0
DA:190,0
DA:191,0
DA:195,0
DA:196,0
DA:197,0
DA:198,0
DA:200,0
DA:201,0
DA:202,0
DA:205,0
DA:206,0
DA:207,0
DA:208,0
DA:209,0
DA:211,0
DA:212,0
DA:213,0
DA:216,0
DA:217,0
DA:218,0
DA:219,0
DA:220,0
DA:222,0
DA:223,0
DA:226,0
DA:227,0
DA:228,0
DA:229,0
DA:230,0
DA:233,0
DA:234,0
DA:235,0
DA:236,0
DA:239,0
DA:240,0
DA:241,0
DA:242,0
DA:243,0
DA:244,0
DA:248,0
DA:249,0
DA:250,0
DA:251,0
DA:252,0
DA:253,0
DA:254,0
DA:255,0
DA:256,0
DA:257,0
DA:258,0
DA:261,0
DA:262,0
DA:263,0
DA:264,0
DA:273,0
DA:274,0
DA:275,0
DA:276,0
DA:277,0
DA:278,0
DA:279,0
DA:282,0
DA:283,0
DA:287,0
DA:288,0
DA:292,0
DA:293,0
DA:296,0
DA:298,0
DA:302,0
DA:303,0
DA:311,0
DA:312,0
DA:315,0
DA:320,0
DA:321,0
DA:324,0
DA:330,0
DA:338,0
DA:339,0
DA:342,0
DA:343,0
DA:345,0
DA:347,0
DA:348,0
DA:349,0
DA:350,0
DA:351,0
DA:353,0
DA:354,0
DA:355,0
DA:356,0
DA:357,0
DA:358,0
DA:359,0
DA:361,0
DA:362,0
DA:363,0
DA:364,0
DA:365,0
DA:366,0
DA:367,0
DA:370,0
DA:371,0
DA:372,0
DA:373,0
DA:374,0
DA:377,0
DA:378,0
DA:385,0
DA:386,0
DA:387,0
DA:388,0
DA:392,0
DA:393,0
DA:396,0
DA:397,0
LF:239
LH:0
BRF:0
BRH:0
end_of_record
TN:
SF:deps\glift-core\flattener\intersection.js
FN:22,(anonymous_0)
FN:87,(anonymous_1)
FN:149,(anonymous_2)
FN:167,(anonymous_3)
FN:182,(anonymous_4)
FN:187,(anonymous_5)
FN:192,(anonymous_6)
FN:197,(anonymous_7)
FN:206,(anonymous_8)
FN:216,(anonymous_9)
FN:226,(anonymous_10)
FN:236,(anonymous_11)
FN:245,(anonymous_12)
FNF:13
FNH:0
FNDA:0,(anonymous_0)
FNDA:0,(anonymous_1)
FNDA:0,(anonymous_2)
FNDA:0,(anonymous_3)
FNDA:0,(anonymous_4)
FNDA:0,(anonymous_5)
FNDA:0,(anonymous_6)
FNDA:0,(anonymous_7)
FNDA:0,(anonymous_8)
FNDA:0,(anonymous_9)
FNDA:0,(anonymous_10)
FNDA:0,(anonymous_11)
FNDA:0,(anonymous_12)
DA:1,0
DA:2,0
DA:4,0
DA:23,0
DA:24,0
DA:26,0
DA:27,0
DA:32,0
DA:33,0
DA:34,0
DA:35,0
DA:36,0
DA:37,0
DA:38,0
DA:39,0
DA:40,0
DA:41,0
DA:42,0
DA:43,0
DA:44,0
DA:45,0
DA:46,0
DA:47,0
DA:48,0
DA:49,0
DA:50,0
DA:51,0
DA:53,0
DA:55,0
DA:57,0
DA:58,0
DA:59,0
DA:60,0
DA:63,0
DA:64,0
DA:67,0
DA:68,0
DA:71,0
DA:87,0
DA:88,0
DA:91,0
DA:93,0
DA:95,0
DA:97,0
DA:104,0
DA:110,0
DA:143,0
DA:150,0
DA:151,0
DA:152,0
DA:154,0
DA:155,0
DA:159,0
DA:168,0
DA:169,0
DA:171,0
DA:172,0
DA:183,0
DA:188,0
DA:193,0
DA:198,0
DA:207,0
DA:208,0
DA:217,0
DA:218,0
DA:227,0
DA:228,0
DA:237,0
DA:238,0
DA:246,0
DA:247,0
LF:71
LH:0
BRDA:26,0,0,0
BRDA:26,0,1,0
BRDA:26,1,0,0
BRDA:26,1,1,0
BRDA:26,1,2,0
BRDA:26,1,3,0
BRDA:34,2,0,0
BRDA:34,2,1,0
BRDA:34,3,0,0
BRDA:34,3,1,0
BRDA:36,4,0,0
BRDA:36,4,1,0
BRDA:36,5,0,0
BRDA:36,5,1,0
BRDA:38,6,0,0
BRDA:38,6,1,0
BRDA:38,7,0,0
BRDA:38,7,1,0
BRDA:40,8,0,0
BRDA:40,8,1,0
BRDA:40,9,0,0
BRDA:40,9,1,0
BRDA:42,10,0,0
BRDA:42,10,1,0
BRDA:44,11,0,0
BRDA:44,11,1,0
BRDA:46,12,0,0
BRDA:46,12,1,0
BRDA:48,13,0,0
BRDA:48,13,1,0
BRDA:50,14,0,0
BRDA:50,14,1,0
BRDA:57,15,0,0
BRDA:57,15,1,0
BRDA:59,16,0,0
BRDA:59,16,1,0
BRDA:63,17,0,0
BRDA:63,17,1,0
BRDA:67,18,0,0
BRDA:67,18,1,0
BRDA:151,19,0,0
BRDA:151,19,1,0
BRDA:154,20,0,0
BRDA:154,20,1,0
BRDA:168,21,0,0
BRDA:168,21,1,0
BRDA:173,22,0,0
BRDA:173,22,1,0
BRDA:173,22,2,0
BRDA:173,22,3,0
BRDA:173,22,4,0
BRF:51
BRH:0
end_of_record
TN:
SF:deps\glift-core\flattener\intersection_test.js
FN:1,(anonymous_0)
FN:7,(anonymous_1)
FN:18,(anonymous_2)
FN:32,(anonymous_3)
FN:40,(anonymous_4)
FN:46,(anonymous_5)
FN:50,(anonymous_6)
FN:54,(anonymous_7)
FN:58,(anonymous_8)
FN:62,(anonymous_9)
FN:66,(anonymous_10)
FN:74,(anonymous_11)
FN:82,(anonymous_12)
FN:90,(anonymous_13)
FN:96,(anonymous_14)
FN:100,(anonymous_15)
FN:108,(anonymous_16)
FNF:17
FNH:0
FNDA:0,(anonymous_0)
FNDA:0,(anonymous_1)
FNDA:0,(anonymous_2)
FNDA:0,(anonymous_3)
FNDA:0,(anonymous_4)
FNDA:0,(anonymous_5)
FNDA:0,(anonymous_6)
FNDA:0,(anonymous_7)
FNDA:0,(anonymous_8)
FNDA:0,(anonymous_9)
FNDA:0,(anonymous_10)
FNDA:0,(anonymous_11)
FNDA:0,(anonymous_12)
FNDA:0,(anonymous_13)
FNDA:0,(anonymous_14)
FNDA:0,(anonymous_15)
FNDA:0,(anonymous_16)
DA:1,0
DA:2,0
DA:3,0
DA:4,0
DA:5,0
DA:6,0
DA:7,0
DA:8,0
DA:9,0
DA:18,0
DA:19,0
DA:26,0
DA:27,0
DA:28,0
DA:29,0
DA:32,0
DA:33,0
DA:34,0
DA:35,0
DA:36,0
DA:37,0
DA:40,0
DA:41,0
DA:42,0
DA:43,0
DA:46,0
DA:47,0
DA:50,0
DA:51,0
DA:54,0
DA:55,0
DA:58,0
DA:59,0
DA:62,0
DA:63,0
DA:66,0
DA:67,0
DA:68,0
DA:69,0
DA:70,0
DA:71,0
DA:74,0
DA:75,0
DA:76,0
DA:77,0
DA:78,0
DA:79,0
DA:82,0
DA:83,0
DA:84,0
DA:85,0
DA:86,0
DA:87,0
DA:90,0
DA:91,0
DA:92,0
DA:93,0
DA:96,0
DA:97,0
DA:100,0
DA:101,0
DA:102,0
DA:104,0
DA:105,0
DA:108,0
DA:109,0
DA:110,0
DA:111,0
DA:113,0
DA:114,0
DA:116,0
DA:117,0
DA:119,0
DA:120,0
DA:122,0
DA:123,0
LF:76
LH:0
BRDA:8,0,0,0
BRDA:8,0,1,0
BRDA:10,1,0,0
BRDA:10,1,1,0
BRDA:11,2,0,0
BRDA:11,2,1,0
BRDA:12,3,0,0
BRDA:12,3,1,0
BRDA:13,4,0,0
BRDA:13,4,1,0
BRDA:14,5,0,0
BRDA:14,5,1,0
BRF:12
BRH:0
end_of_record
TN:
SF:deps\glift-core\flattener\labels.js
FN:61,(anonymous_0)
FN:69,(anonymous_1)
FN:88,(anonymous_2)
FN:106,(anonymous_3)
FN:123,(anonymous_4)
FN:150,(anonymous_5)
FN:174,(anonymous_6)
FN:255,(anonymous_7)
FN:260,(anonymous_8)
FN:262,(anonymous_9)
FNF:10
FNH:0
FNDA:0,(anonymous_0)
FNDA:0,(anonymous_1)
FNDA:0,(anonymous_2)
FNDA:0,(anonymous_3)
FNDA:0,(anonymous_4)
FNDA:0,(anonymous_5)
FNDA:0,(anonymous_6)
FNDA:0,(anonymous_7)
FNDA:0,(anonymous_8)
FNDA:0,(anonymous_9)
DA:10,0
DA:62,0
DA:63,0
DA:68,0
DA:69,0
DA:72,0
DA:73,0
DA:75,0
DA:89,0
DA:107,0
DA:129,0
DA:130,0
DA:131,0
DA:133,0
DA:134,0
DA:137,0
DA:139,0
DA:151,0
DA:156,0
DA:157,0
DA:160,0
DA:162,0
DA:163,0
DA:164,0
DA:175,0
DA:178,0
DA:179,0
DA:184,0
DA:185,0
DA:186,0
DA:187,0
DA:188,0
DA:189,0
DA:190,0
DA:191,0
DA:193,0
DA:194,0
DA:196,0
DA:204,0
DA:205,0
DA:206,0
DA:207,0
DA:208,0
DA:209,0
DA:210,0
DA:211,0
DA:212,0
DA:214,0
DA:215,0
DA:222,0
DA:223,0
DA:225,0
DA:226,0
DA:228,0
DA:229,0
DA:232,0
DA:237,0
DA:240,0
DA:241,0
DA:256,0
DA:257,0
DA:260,0
DA:261,0
DA:262,0
DA:263,0
DA:264,0
DA:266,0
DA:268,0
DA:269,0
DA:270,0
DA:271,0
DA:274,0
DA:275,0
DA:277,0
DA:278,0
DA:279,0
DA:280,0
DA:281,0
DA:282,0
DA:283,0
DA:284,0
DA:285,0
DA:286,0
DA:287,0
DA:288,0
DA:291,0
DA:293,0
DA:295,0
LF:88
LH:0
BRDA:62,0,0,0
BRDA:62,0,1,0
BRDA:72,1,0,0
BRDA:72,1,1,0
BRDA:72,2,0,0
BRDA:72,2,1,0
BRDA:130,3,0,0
BRDA:130,3,1,0
BRDA:134,4,0,0
BRDA:134,4,1,0
BRDA:134,5,0,0
BRDA:134,5,1,0
BRDA:157,6,0,0
BRDA:157,6,1,0
BRDA:162,7,0,0
BRDA:162,7,1,0
BRDA:178,8,0,0
BRDA:178,8,1,0
BRDA:178,9,0,0
BRDA:178,9,1,0
BRDA:189,10,0,0
BRDA:189,10,1,0
BRDA:193,11,0,0
BRDA:193,11,1,0
BRDA:211,12,0,0
BRDA:211,12,1,0
BRDA:216,13,0,0
BRDA:216,13,1,0
BRDA:222,14,0,0
BRDA:222,14,1,0
BRDA:228,15,0,0
BRDA:228,15,1,0
BRDA:232,16,0,0
BRDA:232,16,1,0
BRDA:274,17,0,0
BRDA:274,17,1,0
BRDA:277,18,0,0
BRDA:277,18,1,0
BRDA:277,19,0,0
BRDA:277,19,1,0
BRDA:280,20,0,0
BRDA:280,20,1,0
BRDA:280,21,0,0
BRDA:280,21,1,0
BRDA:282,22,0,0
BRDA:282,22,1,0
BRDA:282,23,0,0
BRDA:282,23,1,0
BRDA:285,24,0,0
BRDA:285,24,1,0
BRDA:285,25,0,0
BRDA:285,25,1,0
BRDA:291,26,0,0
BRDA:291,26,1,0
BRF:54
BRH:0
end_of_record
TN:
SF:deps\glift-core\flattener\labels_test.js
FN:1,(anonymous_0)
FN:4,(anonymous_1)
FN:9,(anonymous_2)
FN:22,(anonymous_3)
FN:33,(anonymous_4)
FN:45,(anonymous_5)
FN:62,(anonymous_6)
FNF:7
FNH:0
FNDA:0,(anonymous_0)
FNDA:0,(anonymous_1)
FNDA:0,(anonymous_2)
FNDA:0,(anonymous_3)
FNDA:0,(anonymous_4)
FNDA:0,(anonymous_5)
FNDA:0,(anonymous_6)
DA:1,0
DA:2,0
DA:4,0
DA:6,0
DA:7,0
DA:10,0
DA:11,0
DA:12,0
DA:13,0
DA:14,0
DA:16,0
DA:19,0
DA:22,0
DA:23,0
DA:27,0
DA:33,0
DA:34,0
DA:39,0
DA:45,0
DA:46,0
DA:51,0
DA:56,0
DA:62,0
DA:63,0
DA:71,0
DA:72,0
LF:26
LH:0
BRDA:11,0,0,0
BRDA:11,0,1,0
BRDA:13,1,0,0
BRDA:13,1,1,0
BRF:4
BRH:0
end_of_record
TN:
SF:deps\glift-core\flattener\starpoints.js
FN:41,(anonymous_0)
FN:60,(anonymous_1)
FNF:2
FNH:0
FNDA:0,(anonymous_0)
FNDA:0,(anonymous_1)
DA:1,0
DA:3,0
DA:42,0
DA:43,0
DA:44,0
DA:45,0
DA:46,0
DA:47,0
DA:49,0
DA:50,0
DA:52,0
DA:62,0
DA:63,0
DA:64,0
DA:65,0
DA:66,0
DA:68,0
LF:17
LH:0
BRDA:43,0,0,0
BRDA:43,0,1,0
BRDA:63,1,0,0
BRDA:63,1,1,0
BRF:4
BRH:0
end_of_record
TN:
SF:deps\glift-core\flattener\starpoints_test.js
FN:1,(anonymous_0)
FN:5,(anonymous_1)
FN:13,(anonymous_2)
FNF:3
FNH:0
FNDA:0,(anonymous_0)
FNDA:0,(anonymous_1)
FNDA:0,(anonymous_2)
DA:1,0
DA:2,0
DA:3,0
DA:5,0
DA:6,0
DA:7,0
DA:8,0
DA:9,0
DA:10,0
DA:13,0
DA:14,0
DA:15,0
DA:16,0
LF:13
LH:0
BRF:0
BRH:0
end_of_record
TN:
SF:deps\glift-core\flattener\symbols.js
FN:100,(anonymous_0)
FNF:1
FNH:0
FNDA:0,(anonymous_0)
DA:1,0
DA:7,0
DA:63,0
DA:73,0
DA:93,0
DA:100,0
DA:101,0
DA:103,0
DA:104,0
DA:105,0
DA:106,0
DA:108,0
DA:110,0
LF:13
LH:0
BRDA:101,0,0,0
BRDA:101,0,1,0
BRF:2
BRH:0
end_of_record
TN:
SF:deps\glift-core\flattener\symbols_test.js
FN:1,(anonymous_0)
FN:4,(anonymous_1)
FN:8,(anonymous_2)
FN:12,(anonymous_3)
FNF:4
FNH:0
FNDA:0,(anonymous_0)
FNDA:0,(anonymous_1)
FNDA:0,(anonymous_2)
FNDA:0,(anonymous_3)
DA:1,0
DA:2,0
DA:4,0
DA:5,0
DA:8,0
DA:9,0
DA:12,0
DA:13,0
DA:14,0
DA:15,0
LF:10
LH:0
BRF:0
BRH:0
end_of_record
TN:
SF:deps\glift-core\markdown\markdown.js
FN:12,(anonymous_0)
FN:18,(anonymous_1)
FN:29,(anonymous_2)
FN:39,(anonymous_3)
FNF:4
FNH:0
FNDA:0,(anonymous_0)
FNDA:0,(anonymous_1)
FNDA:0,(anonymous_2)
FNDA:0,(anonymous_3)
DA:1,0
DA:2,0
DA:4,0
DA:10,0
DA:14,0
DA:15,0
DA:19,0
DA:29,0
DA:31,0
DA:34,0
DA:40,0
DA:41,0
DA:42,0
DA:43,0
DA:44,0
DA:47,0
LF:16
LH:0
BRDA:43,0,0,0
BRDA:43,0,1,0
BRF:2
BRH:0
end_of_record
TN:
SF:deps\glift-core\markdown\markdown_test.js
FN:1,(anonymous_0)
FN:4,(anonymous_1)
FN:10,(anonymous_2)
FNF:3
FNH:0
FNDA:0,(anonymous_0)
FNDA:0,(anonymous_1)
FNDA:0,(anonymous_2)
DA:1,0
DA:2,0
DA:4,0
DA:5,0
DA:6,0
DA:7,0
DA:10,0
DA:11,0
DA:23,0
DA:25,0
DA:26,0
DA:27,0
LF:12
LH:0
BRF:0
BRH:0
end_of_record
TN:
SF:deps\glift-core\markdown\marked.js
FN:10,(anonymous_0)
FN:16,escape
FN:29,unescape
FN:30,(anonymous_3)
FN:50,replace
FN:53,self
FN:66,merge
FN:91,(anonymous_7)
FN:125,(anonymous_8)
FN:153,(anonymous_9)
FN:157,(anonymous_10)
FN:196,(anonymous_11)
FN:204,(anonymous_12)
FN:296,(anonymous_13)
FN:326,(anonymous_14)
FN:338,(anonymous_15)
FN:365,(anonymous_16)
FN:716,(anonymous_17)
FN:748,(anonymous_18)
FN:758,(anonymous_19)
FN:895,(anonymous_20)
FN:907,(anonymous_21)
FN:929,(anonymous_22)
FN:952,(anonymous_23)
FN:958,(anonymous_24)
FN:985,(anonymous_25)
FN:989,(anonymous_26)
FN:993,(anonymous_27)
FN:1008,(anonymous_28)
FN:1012,(anonymous_29)
FN:1017,(anonymous_30)
FN:1021,(anonymous_31)
FN:1025,(anonymous_32)
FN:1038,(anonymous_33)
FN:1042,(anonymous_34)
FN:1051,(anonymous_35)
FN:1055,(anonymous_36)
FN:1059,(anonymous_37)
FN:1063,(anonymous_38)
FN:1067,(anonymous_39)
FN:1071,(anonymous_40)
FN:1102,(anonymous_41)
FN:1117,(anonymous_42)
FN:1133,(anonymous_43)
FN:1144,(anonymous_44)
FN:1159,(anonymous_45)
FN:1166,(anonymous_46)
FN:1173,(anonymous_47)
FN:1186,(anonymous_48)
FN:1337,(anonymous_49)
FNF:50
FNH:0
FNDA:0,(anonymous_0)
FNDA:0,escape
FNDA:0,unescape
FNDA:0,(anonymous_3)
FNDA:0,replace
FNDA:0,self
FNDA:0,merge
FNDA:0,(anonymous_7)
FNDA:0,(anonymous_8)
FNDA:0,(anonymous_9)
FNDA:0,(anonymous_10)
FNDA:0,(anonymous_11)
FNDA:0,(anonymous_12)
FNDA:0,(anonymous_13)
FNDA:0,(anonymous_14)
FNDA:0,(anonymous_15)
FNDA:0,(anonymous_16)
FNDA:0,(anonymous_17)
FNDA:0,(anonymous_18)
FNDA:0,(anonymous_19)
FNDA:0,(anonymous_20)
FNDA:0,(anonymous_21)
FNDA:0,(anonymous_22)
FNDA:0,(anonymous_23)
FNDA:0,(anonymous_24)
FNDA:0,(anonymous_25)
FNDA:0,(anonymous_26)
FNDA:0,(anonymous_27)
FNDA:0,(anonymous_28)
FNDA:0,(anonymous_29)
FNDA:0,(anonymous_30)
FNDA:0,(anonymous_31)
FNDA:0,(anonymous_32)
FNDA:0,(anonymous_33)
FNDA:0,(anonymous_34)
FNDA:0,(anonymous_35)
FNDA:0,(anonymous_36)
FNDA:0,(anonymous_37)
FNDA:0,(anonymous_38)
FNDA:0,(anonymous_39)
FNDA:0,(anonymous_40)
FNDA:0,(anonymous_41)
FNDA:0,(anonymous_42)
FNDA:0,(anonymous_43)
FNDA:0,(anonymous_44)
FNDA:0,(anonymous_45)
FNDA:0,(anonymous_46)
FNDA:0,(anonymous_47)
FNDA:0,(anonymous_48)
FNDA:0,(anonymous_49)
DA:1,0
DA:10,0
DA:20,0
DA:30,0
DA:31,0
DA:32,0
DA:33,0
DA:34,0
DA:38,0
DA:51,0
DA:52,0
DA:53,0
DA:54,0
DA:55,0
DA:56,0
DA:57,0
DA:58,0
DA:67,0
DA:71,0
DA:72,0
DA:73,0
DA:74,0
DA:75,0
DA:80,0
DA:91,0
DA:97,0
DA:98,0
DA:100,0
DA:101,0
DA:104,0
DA:108,0
DA:111,0
DA:113,0
DA:114,0
DA:116,0
DA:119,0
DA:125,0
DA:126,0
DA:127,0
DA:128,0
DA:133,0
DA:134,0
DA:136,0
DA:139,0
DA:141,0
DA:144,0
DA:145,0
DA:148,0
DA:150,0
DA:152,0
DA:153,0
DA:154,0
DA:155,0
DA:157,0
DA:158,0
DA:159,0
DA:160,0
DA:162,0
DA:163,0
DA:164,0
DA:169,0
DA:171,0
DA:173,0
DA:174,0
DA:176,0
DA:178,0
DA:179,0
DA:180,0
DA:186,0
DA:190,0
DA:191,0
DA:196,0
DA:197,0
DA:204,0
DA:205,0
DA:206,0
DA:207,0
DA:208,0
DA:209,0
DA:210,0
DA:212,0
DA:213,0
DA:214,0
DA:216,0
DA:218,0
DA:219,0
DA:221,0
DA:222,0
DA:223,0
DA:224,0
DA:225,0
DA:229,0
DA:230,0
DA:235,0
DA:239,0
DA:247,0
DA:249,0
DA:253,0
DA:264,0
DA:270,0
DA:287,0
DA:296,0
DA:297,0
DA:298,0
DA:299,0
DA:300,0
DA:302,0
DA:303,0
DA:304,0
DA:306,0
DA:311,0
DA:316,0
DA:326,0
DA:327,0
DA:328,0
DA:331,0
DA:338,0
DA:339,0
DA:349,0
DA:365,0
DA:366,0
DA:369,0
DA:371,0
DA:372,0
DA:373,0
DA:374,0
DA:381,0
DA:382,0
DA:383,0
DA:384,0
DA:388,0
DA:392,0
DA:393,0
DA:394,0
DA:399,0
DA:403,0
DA:404,0
DA:405,0
DA:410,0
DA:414,0
DA:415,0
DA:417,0
DA:424,0
DA:425,0
DA:426,0
DA:427,0
DA:428,0
DA:429,0
DA:430,0
DA:432,0
DA:436,0
DA:437,0
DA:440,0
DA:442,0
DA:446,0
DA:447,0
DA:448,0
DA:453,0
DA:457,0
DA:458,0
DA:459,0
DA:462,0
DA:466,0
DA:467,0
DA:469,0
DA:473,0
DA:478,0
DA:480,0
DA:484,0
DA:488,0
DA:489,0
DA:490,0
DA:492,0
DA:498,0
DA:500,0
DA:501,0
DA:502,0
DA:504,0
DA:505,0
DA:509,0
DA:510,0
DA:514,0
DA:515,0
DA:516,0
DA:523,0
DA:524,0
DA:525,0
DA:526,0
DA:527,0
DA:534,0
DA:535,0
DA:536,0
DA:537,0
DA:540,0
DA:545,0
DA:547,0
DA:552,0
DA:556,0
DA:560,0
DA:561,0
DA:562,0
DA:567,0
DA:571,0
DA:572,0
DA:573,0
DA:577,0
DA:581,0
DA:582,0
DA:584,0
DA:591,0
DA:592,0
DA:593,0
DA:594,0
DA:595,0
DA:596,0
DA:597,0
DA:599,0
DA:603,0
DA:604,0
DA:609,0
DA:611,0
DA:615,0
DA:616,0
DA:617,0
DA:624,0
DA:628,0
DA:630,0
DA:631,0
DA:635,0
DA:638,0
DA:639,0
DA:643,0
DA:650,0
DA:666,0
DA:667,0
DA:669,0
DA:674,0
DA:680,0
DA:686,0
DA:695,0
DA:706,0
DA:716,0
DA:717,0
DA:718,0
DA:719,0
DA:720,0
DA:721,0
DA:723,0
DA:724,0
DA:727,0
DA:728,0
DA:729,0
DA:731,0
DA:733,0
DA:734,0
DA:738,0
DA:743,0
DA:748,0
DA:749,0
DA:750,0
DA:753,0
DA:758,0
DA:759,0
DA:765,0
DA:767,0
DA:768,0
DA:769,0
DA:770,0
DA:774,0
DA:775,0
DA:776,0
DA:777,0
DA:781,0
DA:783,0
DA:784,0
DA:786,0
DA:787,0
DA:791,0
DA:792,0
DA:793,0
DA:794,0
DA:795,0
DA:796,0
DA:800,0
DA:801,0
DA:802,0
DA:803,0
DA:804,0
DA:806,0
DA:807,0
DA:808,0
DA:812,0
DA:813,0
DA:814,0
DA:815,0
DA:819,0
DA:820,0
DA:824,0
DA:828,0
DA:829,0
DA:830,0
DA:831,0
DA:832,0
DA:833,0
DA:834,0
DA:836,0
DA:837,0
DA:838,0
DA:839,0
DA:843,0
DA:844,0
DA:845,0
DA:846,0
DA:850,0
DA:851,0
DA:852,0
DA:853,0
DA:857,0
DA:858,0
DA:859,0
DA:860,0
DA:864,0
DA:865,0
DA:866,0
DA:867,0
DA:871,0
DA:872,0
DA:873,0
DA:874,0
DA:878,0
DA:879,0
DA:880,0
DA:881,0
DA:884,0
DA:885,0
DA:889,0
DA:895,0
DA:896,0
DA:897,0
DA:899,0
DA:907,0
DA:908,0
DA:909,0
DA:929,0
DA:930,0
DA:931,0
DA:932,0
DA:935,0
DA:936,0
DA:937,0
DA:938,0
DA:940,0
DA:943,0
DA:952,0
DA:953,0
DA:956,0
DA:958,0
DA:959,0
DA:960,0
DA:961,0
DA:962,0
DA:963,0
DA:967,0
DA:968,0
DA:975,0
DA:985,0
DA:986,0
DA:989,0
DA:990,0
DA:993,0
DA:994,0
DA:1008,0
DA:1009,0
DA:1012,0
DA:1013,0
DA:1014,0
DA:1017,0
DA:1018,0
DA:1021,0
DA:1022,0
DA:1025,0
DA:1026,0
DA:1038,0
DA:1039,0
DA:1042,0
DA:1043,0
DA:1044,0
DA:1047,0
DA:1051,0
DA:1052,0
DA:1055,0
DA:1056,0
DA:1059,0
DA:1060,0
DA:1063,0
DA:1064,0
DA:1067,0
DA:1068,0
DA:1071,0
DA:1072,0
DA:1073,0
DA:1074,0
DA:1078,0
DA:1080,0
DA:1084,0
DA:1087,0
DA:1088,0
DA:1089,0
DA:1091,0
DA:1092,0
DA:1102,0
DA:1103,0
DA:1104,0
DA:1105,0
DA:1107,0
DA:1108,0
DA:1117,0
DA:1118,0
DA:1119,0
DA:1120,0
DA:1121,0
DA:1122,0
DA:1123,0
DA:1126,0
DA:1133,0
DA:1134,0
DA:1135,0
DA:1138,0
DA:1144,0
DA:1145,0
DA:1146,0
DA:1148,0
DA:1149,0
DA:1150,0
DA:1153,0
DA:1159,0
DA:1160,0
DA:1166,0
DA:1167,0
DA:1173,0
DA:1174,0
DA:1176,0
DA:1177,0
DA:1180,0
DA:1186,0
DA:1187,0
DA:1189,0
DA:1192,0
DA:1195,0
DA:1202,0
DA:1209,0
DA:1210,0
DA:1218,0
DA:1219,0
DA:1220,0
DA:1221,0
DA:1226,0
DA:1228,0
DA:1229,0
DA:1231,0
DA:1232,0
DA:1233,0
DA:1239,0
DA:1241,0
DA:1244,0
DA:1246,0
DA:1247,0
DA:1250,0
DA:1253,0
DA:1254,0
DA:1256,0
DA:1257,0
DA:1260,0
DA:1263,0
DA:1265,0
DA:1266,0
DA:1269,0
DA:1272,0
DA:1274,0
DA:1275,0
DA:1278,0
DA:1282,0
DA:1285,0
DA:1288,0
DA:1291,0
DA:1313,0
DA:1318,0
DA:1337,0
DA:1338,0
DA:1339,0
DA:1342,0
LF:491
LH:0
BRDA:32,0,0,0
BRDA:32,0,1,0
BRDA:33,1,0,0
BRDA:33,1,1,0
BRDA:34,2,0,0
BRDA:34,2,1,0
BRDA:52,3,0,0
BRDA:52,3,1,0
BRDA:54,4,0,0
BRDA:54,4,1,0
BRDA:55,5,0,0
BRDA:55,5,1,0
BRDA:74,6,0,0
BRDA:74,6,1,0
BRDA:97,7,0,0
BRDA:97,7,1,0
BRDA:97,8,0,0
BRDA:97,8,1,0
BRDA:98,9,0,0
BRDA:98,9,1,0
BRDA:105,10,0,0
BRDA:105,10,1,0
BRDA:126,11,0,0
BRDA:126,11,1,0
BRDA:141,12,0,0
BRDA:141,12,1,0
BRDA:144,13,0,0
BRDA:144,13,1,0
BRDA:144,14,0,0
BRDA:144,14,1,0
BRDA:150,15,0,0
BRDA:150,15,1,0
BRDA:154,16,0,0
BRDA:154,16,1,0
BRDA:155,17,0,0
BRDA:155,17,1,0
BRDA:158,18,0,0
BRDA:158,18,1,0
BRDA:159,19,0,0
BRDA:159,19,1,0
BRDA:159,20,0,0
BRDA:159,20,1,0
BRDA:160,21,0,0
BRDA:160,21,1,0
BRDA:164,22,0,0
BRDA:164,22,1,0
BRDA:173,23,0,0
BRDA:173,23,1,0
BRDA:179,24,0,0
BRDA:179,24,1,0
BRDA:179,25,0,0
BRDA:179,25,1,0
BRDA:299,26,0,0
BRDA:299,26,1,0
BRDA:302,27,0,0
BRDA:302,27,1,0
BRDA:303,28,0,0
BRDA:303,28,1,0
BRDA:371,29,0,0
BRDA:371,29,1,0
BRDA:373,30,0,0
BRDA:373,30,1,0
BRDA:381,31,0,0
BRDA:381,31,1,0
BRDA:386,32,0,0
BRDA:386,32,1,0
BRDA:392,33,0,0
BRDA:392,33,1,0
BRDA:403,34,0,0
BRDA:403,34,1,0
BRDA:414,35,0,0
BRDA:414,35,1,0
BRDA:414,36,0,0
BRDA:414,36,1,0
BRDA:425,37,0,0
BRDA:425,37,1,0
BRDA:427,38,0,0
BRDA:427,38,1,0
BRDA:429,39,0,0
BRDA:429,39,1,0
BRDA:446,40,0,0
BRDA:446,40,1,0
BRDA:450,41,0,0
BRDA:450,41,1,0
BRDA:457,42,0,0
BRDA:457,42,1,0
BRDA:466,43,0,0
BRDA:466,43,1,0
BRDA:488,44,0,0
BRDA:488,44,1,0
BRDA:514,45,0,0
BRDA:514,45,1,0
BRDA:516,46,0,0
BRDA:516,46,1,0
BRDA:523,47,0,0
BRDA:523,47,1,0
BRDA:523,48,0,0
BRDA:523,48,1,0
BRDA:525,49,0,0
BRDA:525,49,1,0
BRDA:525,50,0,0
BRDA:525,50,1,0
BRDA:525,51,0,0
BRDA:525,51,1,0
BRDA:534,52,0,0
BRDA:534,52,1,0
BRDA:535,53,0,0
BRDA:535,53,1,0
BRDA:537,54,0,0
BRDA:537,54,1,0
BRDA:541,55,0,0
BRDA:541,55,1,0
BRDA:560,56,0,0
BRDA:560,56,1,0
BRDA:563,57,0,0
BRDA:563,57,1,0
BRDA:564,58,0,0
BRDA:564,58,1,0
BRDA:564,58,2,0
BRDA:571,59,0,0
BRDA:571,59,1,0
BRDA:571,60,0,0
BRDA:571,60,1,0
BRDA:571,60,2,0
BRDA:581,61,0,0
BRDA:581,61,1,0
BRDA:581,62,0,0
BRDA:581,62,1,0
BRDA:592,63,0,0
BRDA:592,63,1,0
BRDA:594,64,0,0
BRDA:594,64,1,0
BRDA:596,65,0,0
BRDA:596,65,1,0
BRDA:615,66,0,0
BRDA:615,66,1,0
BRDA:615,67,0,0
BRDA:615,67,1,0
BRDA:620,68,0,0
BRDA:620,68,1,0
BRDA:628,69,0,0
BRDA:628,69,1,0
BRDA:638,70,0,0
BRDA:638,70,1,0
BRDA:717,71,0,0
BRDA:717,71,1,0
BRDA:720,72,0,0
BRDA:720,72,1,0
BRDA:723,73,0,0
BRDA:723,73,1,0
BRDA:727,74,0,0
BRDA:727,74,1,0
BRDA:728,75,0,0
BRDA:728,75,1,0
BRDA:733,76,0,0
BRDA:733,76,1,0
BRDA:767,77,0,0
BRDA:767,77,1,0
BRDA:774,78,0,0
BRDA:774,78,1,0
BRDA:776,79,0,0
BRDA:776,79,1,0
BRDA:778,80,0,0
BRDA:778,80,1,0
BRDA:791,81,0,0
BRDA:791,81,1,0
BRDA:791,82,0,0
BRDA:791,82,1,0
BRDA:800,83,0,0
BRDA:800,83,1,0
BRDA:801,84,0,0
BRDA:801,84,1,0
BRDA:801,85,0,0
BRDA:801,85,1,0
BRDA:803,86,0,0
BRDA:803,86,1,0
BRDA:803,87,0,0
BRDA:803,87,1,0
BRDA:807,88,0,0
BRDA:807,88,1,0
BRDA:812,89,0,0
BRDA:812,89,1,0
BRDA:824,90,0,0
BRDA:824,90,1,0
BRDA:825,91,0,0
BRDA:825,91,1,0
BRDA:829,92,0,0
BRDA:829,92,1,0
BRDA:831,93,0,0
BRDA:831,93,1,0
BRDA:831,94,0,0
BRDA:831,94,1,0
BRDA:843,95,0,0
BRDA:843,95,1,0
BRDA:845,96,0,0
BRDA:845,96,1,0
BRDA:850,97,0,0
BRDA:850,97,1,0
BRDA:852,98,0,0
BRDA:852,98,1,0
BRDA:857,99,0,0
BRDA:857,99,1,0
BRDA:864,100,0,0
BRDA:864,100,1,0
BRDA:871,101,0,0
BRDA:871,101,1,0
BRDA:878,102,0,0
BRDA:878,102,1,0
BRDA:884,103,0,0
BRDA:884,103,1,0
BRDA:897,104,0,0
BRDA:897,104,1,0
BRDA:899,105,0,0
BRDA:899,105,1,0
BRDA:908,106,0,0
BRDA:908,106,1,0
BRDA:937,107,0,0
BRDA:937,107,1,0
BRDA:953,108,0,0
BRDA:953,108,1,0
BRDA:959,109,0,0
BRDA:959,109,1,0
BRDA:961,110,0,0
BRDA:961,110,1,0
BRDA:961,111,0,0
BRDA:961,111,1,0
BRDA:967,112,0,0
BRDA:967,112,1,0
BRDA:970,113,0,0
BRDA:970,113,1,0
BRDA:980,114,0,0
BRDA:980,114,1,0
BRDA:1009,115,0,0
BRDA:1009,115,1,0
BRDA:1013,116,0,0
BRDA:1013,116,1,0
BRDA:1043,117,0,0
BRDA:1043,117,1,0
BRDA:1044,118,0,0
BRDA:1044,118,1,0
BRDA:1064,119,0,0
BRDA:1064,119,1,0
BRDA:1072,120,0,0
BRDA:1072,120,1,0
BRDA:1080,121,0,0
BRDA:1080,121,1,0
BRDA:1081,122,0,0
BRDA:1081,122,1,0
BRDA:1088,123,0,0
BRDA:1088,123,1,0
BRDA:1104,124,0,0
BRDA:1104,124,1,0
BRDA:1107,125,0,0
BRDA:1107,125,1,0
BRDA:1120,126,0,0
BRDA:1120,126,1,0
BRDA:1121,127,0,0
BRDA:1121,127,1,0
BRDA:1167,128,0,0
BRDA:1167,128,1,0
BRDA:1187,129,0,0
BRDA:1187,129,1,0
BRDA:1187,129,2,0
BRDA:1187,129,3,0
BRDA:1187,129,4,0
BRDA:1187,129,5,0
BRDA:1187,129,6,0
BRDA:1187,129,7,0
BRDA:1187,129,8,0
BRDA:1187,129,9,0
BRDA:1187,129,10,0
BRDA:1187,129,11,0
BRDA:1266,130,0,0
BRDA:1266,130,1,0
BRDA:1282,131,0,0
BRDA:1282,131,1,0
BRDA:1282,132,0,0
BRDA:1282,132,1,0
BRF:278
BRH:0
end_of_record
TN:
SF:deps\glift-core\markdown\renderer.js
FN:3,(anonymous_0)
FN:10,(anonymous_1)
FN:20,(anonymous_2)
FN:27,(anonymous_3)
FN:34,(anonymous_4)
FN:42,(anonymous_5)
FN:48,(anonymous_6)
FN:56,(anonymous_7)
FN:63,(anonymous_8)
FN:70,(anonymous_9)
FN:77,(anonymous_10)
FN:83,(anonymous_11)
FN:90,(anonymous_12)
FN:100,(anonymous_13)
FN:106,(anonymous_14)
FN:112,(anonymous_15)
FN:115,(anonymous_16)
FN:121,(anonymous_17)
FN:130,(anonymous_18)
FN:138,(anonymous_19)
FNF:20
FNH:0
FNDA:0,(anonymous_0)
FNDA:0,(anonymous_1)
FNDA:0,(anonymous_2)
FNDA:0,(anonymous_3)
FNDA:0,(anonymous_4)
FNDA:0,(anonymous_5)
FNDA:0,(anonymous_6)
FNDA:0,(anonymous_7)
FNDA:0,(anonymous_8)
FNDA:0,(anonymous_9)
FNDA:0,(anonymous_10)
FNDA:0,(anonymous_11)
FNDA:0,(anonymous_12)
FNDA:0,(anonymous_13)
FNDA:0,(anonymous_14)
FNDA:0,(anonymous_15)
FNDA:0,(anonymous_16)
FNDA:0,(anonymous_17)
FNDA:0,(anonymous_18)
FNDA:0,(anonymous_19)
DA:1,0
DA:3,0
DA:10,0
DA:12,0
DA:20,0
DA:27,0
DA:34,0
DA:42,0
DA:48,0
DA:56,0
DA:63,0
DA:70,0
DA:77,0
DA:83,0
DA:90,0
DA:100,0
DA:106,0
DA:112,0
DA:115,0
DA:121,0
DA:130,0
DA:138,0
LF:22
LH:0
BRF:0
BRH:0
end_of_record
TN:
SF:deps\glift-core\markdown\renderer_test.js
FN:1,(anonymous_0)
FN:11,(anonymous_1)
FN:13,(anonymous_2)
FN:16,(anonymous_3)
FN:19,(anonymous_4)
FN:22,(anonymous_5)
FNF:6
FNH:0
FNDA:0,(anonymous_0)
FNDA:0,(anonymous_1)
FNDA:0,(anonymous_2)
FNDA:0,(anonymous_3)
FNDA:0,(anonymous_4)
FNDA:0,(anonymous_5)
DA:1,0
DA:2,0
DA:4,0
DA:11,0
DA:12,0
DA:13,0
DA:14,0
DA:16,0
DA:17,0
DA:19,0
DA:20,0
DA:22,0
DA:23,0
DA:25,0
DA:29,0
DA:30,0
DA:31,0
DA:32,0
LF:18
LH:0
BRF:0
BRH:0
end_of_record
TN:
SF:deps\glift-core\orientation\bbox.js
FN:6,(anonymous_0)
FN:11,(anonymous_1)
FN:28,(anonymous_2)
FN:43,(anonymous_3)
FN:46,(anonymous_4)
FN:50,(anonymous_5)
FN:53,(anonymous_6)
FN:56,(anonymous_7)
FN:59,(anonymous_8)
FN:62,(anonymous_9)
FN:65,(anonymous_10)
FN:68,(anonymous_11)
FN:71,(anonymous_12)
FN:78,(anonymous_13)
FN:94,(anonymous_14)
FN:106,(anonymous_15)
FN:116,(anonymous_16)
FN:145,(anonymous_17)
FN:174,(anonymous_18)
FN:187,(anonymous_19)
FN:200,(anonymous_20)
FN:212,(anonymous_21)
FN:235,(anonymous_22)
FN:251,(anonymous_23)
FN:258,(anonymous_24)
FNF:25
FNH:0
FNDA:0,(anonymous_0)
FNDA:0,(anonymous_1)
FNDA:0,(anonymous_2)
FNDA:0,(anonymous_3)
FNDA:0,(anonymous_4)
FNDA:0,(anonymous_5)
FNDA:0,(anonymous_6)
FNDA:0,(anonymous_7)
FNDA:0,(anonymous_8)
FNDA:0,(anonymous_9)
FNDA:0,(anonymous_10)
FNDA:0,(anonymous_11)
FNDA:0,(anonymous_12)
FNDA:0,(anonymous_13)
FNDA:0,(anonymous_14)
FNDA:0,(anonymous_15)
FNDA:0,(anonymous_16)
FNDA:0,(anonymous_17)
FNDA:0,(anonymous_18)
FNDA:0,(anonymous_19)
FNDA:0,(anonymous_20)
FNDA:0,(anonymous_21)
FNDA:0,(anonymous_22)
FNDA:0,(anonymous_23)
FNDA:0,(anonymous_24)
DA:1,0
DA:2,0
DA:4,0
DA:7,0
DA:12,0
DA:28,0
DA:29,0
DA:30,0
DA:38,0
DA:39,0
DA:42,0
DA:44,0
DA:47,0
DA:51,0
DA:54,0
DA:57,0
DA:60,0
DA:63,0
DA:66,0
DA:69,0
DA:72,0
DA:79,0
DA:95,0
DA:107,0
DA:120,0
DA:128,0
DA:129,0
DA:132,0
DA:133,0
DA:134,0
DA:135,0
DA:136,0
DA:149,0
DA:150,0
DA:151,0
DA:152,0
DA:153,0
DA:154,0
DA:156,0
DA:157,0
DA:159,0
DA:160,0
DA:162,0
DA:163,0
DA:165,0
DA:175,0
DA:188,0
DA:189,0
DA:190,0
DA:194,0
DA:201,0
DA:213,0
DA:236,0
DA:252,0
DA:259,0
DA:260,0
DA:265,0
DA:266,0
DA:272,0
DA:273,0
DA:274,0
DA:276,0
DA:277,0
DA:286,0
DA:288,0
DA:289,0
DA:290,0
DA:291,0
DA:292,0
DA:293,0
DA:295,0
DA:301,0
DA:305,0
DA:308,0
DA:309,0
DA:313,0
DA:317,0
DA:320,0
DA:322,0
LF:79
LH:0
BRDA:29,0,0,0
BRDA:29,0,1,0
BRDA:29,1,0,0
BRDA:29,1,1,0
BRDA:96,2,0,0
BRDA:96,2,1,0
BRDA:96,2,2,0
BRDA:96,2,3,0
BRDA:107,3,0,0
BRDA:107,3,1,0
BRDA:120,4,0,0
BRDA:120,4,1,0
BRDA:120,4,2,0
BRDA:120,4,3,0
BRDA:120,4,4,0
BRDA:120,4,5,0
BRDA:120,4,6,0
BRDA:120,4,7,0
BRDA:128,5,0,0
BRDA:128,5,1,0
BRDA:153,6,0,0
BRDA:153,6,1,0
BRDA:156,7,0,0
BRDA:156,7,1,0
BRDA:159,8,0,0
BRDA:159,8,1,0
BRDA:162,9,0,0
BRDA:162,9,1,0
BRDA:176,10,0,0
BRDA:176,10,1,0
BRDA:176,10,2,0
BRDA:176,10,3,0
BRDA:259,11,0,0
BRDA:259,11,1,0
BRDA:265,12,0,0
BRDA:265,12,1,0
BRDA:265,13,0,0
BRDA:265,13,1,0
BRDA:276,14,0,0
BRDA:276,14,1,0
BRDA:292,15,0,0
BRDA:292,15,1,0
BRDA:301,16,0,0
BRDA:301,16,1,0
BRDA:305,17,0,0
BRDA:305,17,1,0
BRDA:313,18,0,0
BRDA:313,18,1,0
BRDA:317,19,0,0
BRDA:317,19,1,0
BRF:50
BRH:0
end_of_record
TN:
SF:deps\glift-core\orientation\bbox_test.js
FN:1,(anonymous_0)
FN:6,(anonymous_1)
FN:12,(anonymous_2)
FN:23,(anonymous_3)
FN:32,(anonymous_4)
FN:40,(anonymous_5)
FN:52,(anonymous_6)
FN:63,(anonymous_7)
FN:114,(anonymous_8)
FN:165,(anonymous_9)
FN:180,(anonymous_10)
FN:195,(anonymous_11)
FN:203,(anonymous_12)
FNF:13
FNH:0
FNDA:0,(anonymous_0)
FNDA:0,(anonymous_1)
FNDA:0,(anonymous_2)
FNDA:0,(anonymous_3)
FNDA:0,(anonymous_4)
FNDA:0,(anonymous_5)
FNDA:0,(anonymous_6)
FNDA:0,(anonymous_7)
FNDA:0,(anonymous_8)
FNDA:0,(anonymous_9)
FNDA:0,(anonymous_10)
FNDA:0,(anonymous_11)
FNDA:0,(anonymous_12)
DA:1,0
DA:2,0
DA:3,0
DA:4,0
DA:6,0
DA:7,0
DA:8,0
DA:9,0
DA:12,0
DA:13,0
DA:14,0
DA:15,0
DA:23,0
DA:24,0
DA:25,0
DA:26,0
DA:27,0
DA:28,0
DA:29,0
DA:32,0
DA:33,0
DA:34,0
DA:35,0
DA:36,0
DA:37,0
DA:40,0
DA:41,0
DA:42,0
DA:43,0
DA:45,0
DA:46,0
DA:47,0
DA:48,0
DA:49,0
DA:52,0
DA:53,0
DA:54,0
DA:55,0
DA:56,0
DA:57,0
DA:58,0
DA:59,0
DA:60,0
DA:63,0
DA:64,0
DA:65,0
DA:66,0
DA:67,0
DA:69,0
DA:70,0
DA:75,0
DA:80,0
DA:85,0
DA:91,0
DA:92,0
DA:97,0
DA:102,0
DA:107,0
DA:114,0
DA:115,0
DA:116,0
DA:117,0
DA:118,0
DA:120,0
DA:121,0
DA:126,0
DA:131,0
DA:136,0
DA:142,0
DA:143,0
DA:148,0
DA:153,0
DA:158,0
DA:165,0
DA:166,0
DA:167,0
DA:168,0
DA:169,0
DA:170,0
DA:171,0
DA:173,0
DA:174,0
DA:175,0
DA:176,0
DA:177,0
DA:180,0
DA:181,0
DA:183,0
DA:184,0
DA:185,0
DA:187,0
DA:188,0
DA:189,0
DA:191,0
DA:192,0
DA:195,0
DA:196,0
DA:198,0
DA:199,0
DA:200,0
DA:203,0
DA:204,0
DA:205,0
DA:206,0
DA:207,0
DA:208,0
DA:209,0
DA:211,0
DA:212,0
DA:213,0
DA:214,0
DA:215,0
DA:216,0
DA:218,0
DA:219,0
DA:220,0
DA:221,0
LF:117
LH:0
BRF:0
BRH:0
end_of_record
TN:
SF:deps\glift-core\orientation\cropbox.js
FN:8,(anonymous_0)
FN:39,(anonymous_1)
FN:43,(anonymous_2)
FN:47,(anonymous_3)
FN:51,(anonymous_4)
FN:77,(anonymous_5)
FNF:6
FNH:0
FNDA:0,(anonymous_0)
FNDA:0,(anonymous_1)
FNDA:0,(anonymous_2)
FNDA:0,(anonymous_3)
FNDA:0,(anonymous_4)
FNDA:0,(anonymous_5)
DA:1,0
DA:8,0
DA:13,0
DA:16,0
DA:18,0
DA:19,0
DA:27,0
DA:28,0
DA:37,0
DA:40,0
DA:44,0
DA:48,0
DA:52,0
DA:59,0
DA:78,0
DA:79,0
DA:80,0
DA:81,0
DA:82,0
DA:83,0
DA:84,0
DA:85,0
DA:86,0
DA:88,0
DA:90,0
DA:91,0
DA:97,0
DA:101,0
DA:106,0
DA:107,0
DA:112,0
DA:113,0
DA:118,0
DA:119,0
DA:124,0
DA:125,0
DA:130,0
DA:131,0
DA:132,0
DA:137,0
DA:138,0
DA:139,0
DA:144,0
DA:145,0
DA:146,0
DA:151,0
DA:152,0
DA:153,0
DA:158,0
DA:160,0
DA:161,0
DA:162,0
LF:52
LH:0
BRDA:18,0,0,0
BRDA:18,0,1,0
BRDA:27,1,0,0
BRDA:27,1,1,0
BRDA:88,2,0,0
BRDA:88,2,1,0
BRDA:90,3,0,0
BRDA:90,3,1,0
BRDA:97,4,0,0
BRDA:97,4,1,0
BRDA:97,4,2,0
BRDA:97,4,3,0
BRDA:97,4,4,0
BRDA:97,4,5,0
BRDA:97,4,6,0
BRDA:97,4,7,0
BRDA:97,4,8,0
BRDA:97,4,9,0
BRF:18
BRH:0
end_of_record
TN:
SF:deps\glift-core\orientation\cropbox_test.js
FN:1,(anonymous_0)
FN:8,(anonymous_1)
FN:19,(anonymous_2)
FN:53,(anonymous_3)
FNF:4
FNH:0
FNDA:0,(anonymous_0)
FNDA:0,(anonymous_1)
FNDA:0,(anonymous_2)
FNDA:0,(anonymous_3)
DA:1,0
DA:2,0
DA:3,0
DA:4,0
DA:5,0
DA:6,0
DA:8,0
DA:9,0
DA:10,0
DA:11,0
DA:13,0
DA:14,0
DA:15,0
DA:16,0
DA:19,0
DA:20,0
DA:21,0
DA:22,0
DA:23,0
DA:24,0
DA:25,0
DA:26,0
DA:28,0
DA:29,0
DA:30,0
DA:31,0
DA:32,0
DA:33,0
DA:34,0
DA:36,0
DA:37,0
DA:38,0
DA:39,0
DA:40,0
DA:41,0
DA:42,0
DA:44,0
DA:45,0
DA:46,0
DA:47,0
DA:48,0
DA:49,0
DA:50,0
DA:53,0
DA:54,0
DA:55,0
DA:56,0
DA:57,0
DA:58,0
DA:59,0
DA:60,0
DA:62,0
DA:63,0
DA:64,0
DA:65,0
DA:66,0
DA:67,0
DA:68,0
DA:70,0
DA:71,0
DA:72,0
DA:73,0
DA:74,0
DA:75,0
DA:76,0
DA:78,0
DA:79,0
DA:80,0
DA:81,0
DA:82,0
DA:83,0
DA:84,0
LF:72
LH:0
BRF:0
BRH:0
end_of_record
TN:
SF:deps\glift-core\orientation\cropping.js
FN:22,(anonymous_0)
FN:75,(anonymous_1)
FN:78,(anonymous_2)
FNF:3
FNH:0
FNDA:0,(anonymous_0)
FNDA:0,(anonymous_1)
FNDA:0,(anonymous_2)
DA:22,0
DA:26,0
DA:27,0
DA:30,0
DA:31,0
DA:34,0
DA:38,0
DA:39,0
DA:40,0
DA:41,0
DA:42,0
DA:46,0
DA:60,0
DA:66,0
DA:75,0
DA:76,0
DA:78,0
DA:79,0
DA:82,0
DA:91,0
DA:117,0
DA:128,0
DA:129,0
DA:130,0
DA:135,0
DA:139,0
LF:26
LH:0
BRDA:30,0,0,0
BRDA:30,0,1,0
BRDA:41,1,0,0
BRDA:41,1,1,0
BRDA:82,2,0,0
BRDA:82,2,1,0
BRF:6
BRH:0
end_of_record
TN:
SF:deps\glift-core\orientation\cropping_test.js
FN:1,(anonymous_0)
FN:9,(anonymous_1)
FN:16,(anonymous_2)
FN:38,(anonymous_3)
FN:63,(anonymous_4)
FN:76,(anonymous_5)
FN:88,(anonymous_6)
FN:97,(anonymous_7)
FN:109,(anonymous_8)
FN:121,(anonymous_9)
FN:133,(anonymous_10)
FN:142,(anonymous_11)
FNF:12
FNH:0
FNDA:0,(anonymous_0)
FNDA:0,(anonymous_1)
FNDA:0,(anonymous_2)
FNDA:0,(anonymous_3)
FNDA:0,(anonymous_4)
FNDA:0,(anonymous_5)
FNDA:0,(anonymous_6)
FNDA:0,(anonymous_7)
FNDA:0,(anonymous_8)
FNDA:0,(anonymous_9)
FNDA:0,(anonymous_10)
FNDA:0,(anonymous_11)
DA:1,0
DA:2,0
DA:3,0
DA:4,0
DA:5,0
DA:6,0
DA:9,0
DA:10,0
DA:11,0
DA:12,0
DA:13,0
DA:16,0
DA:17,0
DA:18,0
DA:19,0
DA:20,0
DA:21,0
DA:22,0
DA:23,0
DA:24,0
DA:29,0
DA:30,0
DA:31,0
DA:38,0
DA:39,0
DA:40,0
DA:41,0
DA:42,0
DA:45,0
DA:46,0
DA:47,0
DA:50,0
DA:51,0
DA:52,0
DA:55,0
DA:56,0
DA:57,0
DA:60,0
DA:63,0
DA:64,0
DA:65,0
DA:67,0
DA:68,0
DA:70,0
DA:72,0
DA:73,0
DA:76,0
DA:77,0
DA:78,0
DA:88,0
DA:89,0
DA:93,0
DA:94,0
DA:97,0
DA:98,0
DA:104,0
DA:105,0
DA:106,0
DA:109,0
DA:110,0
DA:116,0
DA:117,0
DA:118,0
DA:121,0
DA:122,0
DA:128,0
DA:129,0
DA:130,0
DA:133,0
DA:134,0
DA:138,0
DA:139,0
DA:142,0
DA:143,0
DA:147,0
DA:148,0
LF:76
LH:0
BRF:0
BRH:0
end_of_record
TN:
SF:deps\glift-core\orientation\min_bbox.js
FN:20,(anonymous_0)
FN:75,(anonymous_1)
FN:89,(anonymous_2)
FN:102,(anonymous_3)
FNF:4
FNH:0
FNDA:0,(anonymous_0)
FNDA:0,(anonymous_1)
FNDA:0,(anonymous_2)
FNDA:0,(anonymous_3)
DA:20,0
DA:21,0
DA:22,0
DA:24,0
DA:27,0
DA:28,0
DA:29,0
DA:30,0
DA:34,0
DA:36,0
DA:39,0
DA:40,0
DA:44,0
DA:45,0
DA:46,0
DA:47,0
DA:48,0
DA:51,0
DA:75,0
DA:77,0
DA:78,0
DA:89,0
DA:90,0
DA:91,0
DA:92,0
DA:93,0
DA:94,0
DA:95,0
DA:101,0
DA:102,0
DA:103,0
DA:105,0
DA:107,0
DA:108,0
DA:109,0
DA:112,0
DA:113,0
DA:115,0
DA:117,0
LF:39
LH:0
BRDA:28,0,0,0
BRDA:28,0,1,0
BRDA:28,1,0,0
BRDA:28,1,1,0
BRDA:30,2,0,0
BRDA:30,2,1,0
BRDA:31,3,0,0
BRDA:31,3,1,0
BRDA:39,4,0,0
BRDA:39,4,1,0
BRDA:47,5,0,0
BRDA:47,5,1,0
BRDA:94,6,0,0
BRDA:94,6,1,0
BRDA:101,7,0,0
BRDA:101,7,1,0
BRDA:105,8,0,0
BRDA:105,8,1,0
BRDA:112,9,0,0
BRDA:112,9,1,0
BRF:20
BRH:0
end_of_record
TN:
SF:deps\glift-core\orientation\min_bbox_test.js
FN:1,(anonymous_0)
FN:8,(anonymous_1)
FN:14,(anonymous_2)
FN:23,(anonymous_3)
FN:32,(anonymous_4)
FNF:5
FNH:0
FNDA:0,(anonymous_0)
FNDA:0,(anonymous_1)
FNDA:0,(anonymous_2)
FNDA:0,(anonymous_3)
FNDA:0,(anonymous_4)
DA:1,0
DA:2,0
DA:3,0
DA:4,0
DA:5,0
DA:8,0
DA:9,0
DA:10,0
DA:11,0
DA:14,0
DA:15,0
DA:16,0
DA:20,0
DA:23,0
DA:24,0
DA:25,0
DA:29,0
DA:32,0
DA:33,0
DA:35,0
DA:38,0
DA:39,0
DA:41,0
DA:42,0
DA:46,0
LF:25
LH:0
BRF:0
BRH:0
end_of_record
TN:
SF:deps\glift-core\orientation\orientation.js
FNF:0
FNH:0
DA:1,0
DA:3,0
LF:2
LH:0
BRF:0
BRH:0
end_of_record
TN:
SF:deps\glift-core\orientation\rotate.js
FN:26,(anonymous_0)
FN:32,(anonymous_1)
FN:34,(anonymous_2)
FN:47,(anonymous_3)
FN:53,(anonymous_4)
FN:55,(anonymous_5)
FN:75,(anonymous_6)
FN:103,(anonymous_7)
FN:159,(anonymous_8)
FN:172,(anonymous_9)
FN:247,(anonymous_10)
FNF:11
FNH:0
FNDA:0,(anonymous_0)
FNDA:0,(anonymous_1)
FNDA:0,(anonymous_2)
FNDA:0,(anonymous_3)
FNDA:0,(anonymous_4)
FNDA:0,(anonymous_5)
FNDA:0,(anonymous_6)
FNDA:0,(anonymous_7)
FNDA:0,(anonymous_8)
FNDA:0,(anonymous_9)
FNDA:0,(anonymous_10)
DA:1,0
DA:18,0
DA:26,0
DA:27,0
DA:28,0
DA:30,0
DA:31,0
DA:32,0
DA:33,0
DA:34,0
DA:35,0
DA:38,0
DA:47,0
DA:48,0
DA:49,0
DA:51,0
DA:52,0
DA:53,0
DA:54,0
DA:55,0
DA:56,0
DA:57,0
DA:59,0
DA:63,0
DA:75,0
DA:76,0
DA:77,0
DA:78,0
DA:79,0
DA:80,0
DA:83,0
DA:84,0
DA:85,0
DA:86,0
DA:89,0
DA:90,0
DA:92,0
DA:94,0
DA:103,0
DA:104,0
DA:105,0
DA:106,0
DA:107,0
DA:108,0
DA:110,0
DA:111,0
DA:113,0
DA:114,0
DA:115,0
DA:117,0
DA:119,0
DA:120,0
DA:123,0
DA:124,0
DA:126,0
DA:127,0
DA:128,0
DA:129,0
DA:131,0
DA:132,0
DA:134,0
DA:135,0
DA:137,0
DA:138,0
DA:140,0
DA:142,0
DA:159,0
DA:160,0
DA:161,0
DA:172,0
DA:173,0
DA:174,0
DA:175,0
DA:181,0
DA:188,0
DA:189,0
DA:190,0
DA:192,0
DA:194,0
DA:196,0
DA:198,0
DA:200,0
DA:202,0
DA:205,0
DA:209,0
DA:210,0
DA:211,0
DA:212,0
DA:213,0
DA:216,0
DA:217,0
DA:218,0
DA:221,0
DA:222,0
DA:224,0
DA:226,0
DA:228,0
DA:230,0
DA:232,0
DA:238,0
DA:247,0
DA:248,0
DA:249,0
DA:252,0
DA:256,0
DA:257,0
DA:261,0
DA:262,0
DA:266,0
DA:267,0
DA:271,0
DA:275,0
DA:279,0
DA:280,0
DA:284,0
DA:287,0
LF:116
LH:0
BRDA:27,0,0,0
BRDA:27,0,1,0
BRDA:27,1,0,0
BRDA:27,1,1,0
BRDA:48,2,0,0
BRDA:48,2,1,0
BRDA:48,3,0,0
BRDA:48,3,1,0
BRDA:56,4,0,0
BRDA:56,4,1,0
BRDA:79,5,0,0
BRDA:79,5,1,0
BRDA:85,6,0,0
BRDA:85,6,1,0
BRDA:89,7,0,0
BRDA:89,7,1,0
BRDA:107,8,0,0
BRDA:107,8,1,0
BRDA:110,9,0,0
BRDA:110,9,1,0
BRDA:113,10,0,0
BRDA:113,10,1,0
BRDA:115,11,0,0
BRDA:115,11,1,0
BRDA:119,12,0,0
BRDA:119,12,1,0
BRDA:123,13,0,0
BRDA:123,13,1,0
BRDA:129,14,0,0
BRDA:129,14,1,0
BRDA:129,15,0,0
BRDA:129,15,1,0
BRDA:132,16,0,0
BRDA:132,16,1,0
BRDA:132,17,0,0
BRDA:132,17,1,0
BRDA:135,18,0,0
BRDA:135,18,1,0
BRDA:135,19,0,0
BRDA:135,19,1,0
BRDA:138,20,0,0
BRDA:138,20,1,0
BRDA:138,21,0,0
BRDA:138,21,1,0
BRDA:188,22,0,0
BRDA:188,22,1,0
BRDA:192,23,0,0
BRDA:192,23,1,0
BRDA:192,24,0,0
BRDA:192,24,1,0
BRDA:196,25,0,0
BRDA:196,25,1,0
BRDA:196,26,0,0
BRDA:196,26,1,0
BRDA:200,27,0,0
BRDA:200,27,1,0
BRDA:200,28,0,0
BRDA:200,28,1,0
BRDA:205,29,0,0
BRDA:205,29,1,0
BRDA:206,30,0,0
BRDA:206,30,1,0
BRDA:211,31,0,0
BRDA:211,31,1,0
BRDA:216,32,0,0
BRDA:216,32,1,0
BRDA:222,33,0,0
BRDA:222,33,1,0
BRDA:222,33,2,0
BRDA:222,33,3,0
BRDA:222,33,4,0
BRDA:252,34,0,0
BRDA:252,34,1,0
BRDA:253,35,0,0
BRDA:253,35,1,0
BRDA:253,35,2,0
BRDA:257,36,0,0
BRDA:257,36,1,0
BRDA:258,37,0,0
BRDA:258,37,1,0
BRDA:258,37,2,0
BRDA:262,38,0,0
BRDA:262,38,1,0
BRDA:263,39,0,0
BRDA:263,39,1,0
BRDA:263,39,2,0
BRDA:267,40,0,0
BRDA:267,40,1,0
BRDA:268,41,0,0
BRDA:268,41,1,0
BRDA:268,41,2,0
BRDA:275,42,0,0
BRDA:275,42,1,0
BRDA:276,43,0,0
BRDA:276,43,1,0
BRDA:276,43,2,0
BRDA:280,44,0,0
BRDA:280,44,1,0
BRDA:281,45,0,0
BRDA:281,45,1,0
BRDA:281,45,2,0
BRF:101
BRH:0
end_of_record
TN:
SF:deps\glift-core\orientation\rotate_test.js
FN:1,(anonymous_0)
FN:11,(anonymous_1)
FN:26,(anonymous_2)
FN:41,(anonymous_3)
FN:79,(anonymous_4)
FN:116,(anonymous_5)
FN:160,(anonymous_6)
FNF:7
FNH:0
FNDA:0,(anonymous_0)
FNDA:0,(anonymous_1)
FNDA:0,(anonymous_2)
FNDA:0,(anonymous_3)
FNDA:0,(anonymous_4)
FNDA:0,(anonymous_5)
FNDA:0,(anonymous_6)
DA:1,0
DA:2,0
DA:3,0
DA:4,0
DA:6,0
DA:11,0
DA:12,0
DA:13,0
DA:14,0
DA:16,0
DA:17,0
DA:19,0
DA:20,0
DA:22,0
DA:23,0
DA:26,0
DA:27,0
DA:28,0
DA:29,0
DA:31,0
DA:32,0
DA:34,0
DA:35,0
DA:37,0
DA:38,0
DA:41,0
DA:42,0
DA:43,0
DA:45,0
DA:46,0
DA:51,0
DA:52,0
DA:54,0
DA:59,0
DA:60,0
DA:61,0
DA:62,0
DA:64,0
DA:69,0
DA:71,0
DA:76,0
DA:79,0
DA:80,0
DA:81,0
DA:82,0
DA:83,0
DA:86,0
DA:90,0
DA:91,0
DA:94,0
DA:95,0
DA:99,0
DA:100,0
DA:101,0
DA:102,0
DA:105,0
DA:106,0
DA:110,0
DA:111,0
DA:112,0
DA:113,0
DA:116,0
DA:117,0
DA:118,0
DA:119,0
DA:120,0
DA:123,0
DA:127,0
DA:128,0
DA:129,0
DA:132,0
DA:133,0
DA:137,0
DA:141,0
DA:142,0
DA:148,0
DA:149,0
DA:150,0
DA:154,0
DA:155,0
DA:156,0
DA:157,0
DA:160,0
DA:161,0
DA:162,0
DA:163,0
DA:164,0
DA:165,0
DA:167,0
DA:168,0
DA:169,0
DA:170,0
DA:171,0
DA:173,0
DA:174,0
DA:175,0
DA:176,0
DA:177,0
DA:179,0
DA:180,0
DA:181,0
DA:182,0
DA:183,0
DA:185,0
DA:186,0
DA:187,0
DA:188,0
DA:190,0
DA:191,0
DA:192,0
DA:193,0
DA:195,0
DA:196,0
DA:197,0
DA:198,0
DA:200,0
DA:201,0
DA:202,0
DA:203,0
LF:119
LH:0
BRF:0
BRH:0
end_of_record
TN:
SF:deps\glift-core\parse\pandanet_test.js
FN:1,(anonymous_0)
FN:43,(anonymous_1)
FN:46,(anonymous_2)
FNF:3
FNH:0
FNDA:0,(anonymous_0)
FNDA:0,(anonymous_1)
FNDA:0,(anonymous_2)
DA:1,0
DA:2,0
DA:4,0
DA:43,0
DA:44,0
DA:45,0
DA:46,0
DA:47,0
DA:50,0
DA:52,0
DA:53,0
DA:54,0
DA:55,0
DA:56,0
DA:57,0
DA:58,0
DA:59,0
DA:62,0
LF:18
LH:0
BRF:0
BRH:0
end_of_record
TN:
SF:deps\glift-core\parse\parse.js
FN:42,(anonymous_0)
FN:60,(anonymous_1)
FN:77,(anonymous_2)
FN:92,(anonymous_3)
FNF:4
FNH:0
FNDA:0,(anonymous_0)
FNDA:0,(anonymous_1)
FNDA:0,(anonymous_2)
FNDA:0,(anonymous_3)
DA:1,0
DA:6,0
DA:43,0
DA:44,0
DA:46,0
DA:47,0
DA:48,0
DA:51,0
DA:61,0
DA:62,0
DA:63,0
DA:64,0
DA:67,0
DA:78,0
DA:93,0
DA:94,0
DA:96,0
DA:98,0
DA:99,0
DA:100,0
DA:101,0
LF:21
LH:0
BRDA:43,0,0,0
BRDA:43,0,1,0
BRDA:43,1,0,0
BRDA:43,1,1,0
BRDA:47,2,0,0
BRDA:47,2,1,0
BRDA:63,3,0,0
BRDA:63,3,1,0
BRDA:93,4,0,0
BRDA:93,4,1,0
BRDA:94,5,0,0
BRDA:94,5,1,0
BRF:12
BRH:0
end_of_record
TN:
SF:deps\glift-core\parse\parse_test.js
FN:1,(anonymous_0)
FN:7,(anonymous_1)
FN:13,(anonymous_2)
FN:20,(anonymous_3)
FN:28,(anonymous_4)
FNF:5
FNH:0
FNDA:0,(anonymous_0)
FNDA:0,(anonymous_1)
FNDA:0,(anonymous_2)
FNDA:0,(anonymous_3)
FNDA:0,(anonymous_4)
DA:1,0
DA:2,0
DA:3,0
DA:4,0
DA:5,0
DA:7,0
DA:8,0
DA:9,0
DA:10,0
DA:13,0
DA:14,0
DA:15,0
DA:16,0
DA:17,0
DA:20,0
DA:21,0
DA:22,0
DA:23,0
DA:24,0
DA:25,0
DA:28,0
DA:29,0
DA:30,0
DA:31,0
LF:24
LH:0
BRF:0
BRH:0
end_of_record
TN:
SF:deps\glift-core\parse\sgf_parser.js
FN:1,(anonymous_0)
FN:26,(anonymous_1)
FN:35,(anonymous_2)
FN:81,(anonymous_3)
FN:101,(anonymous_4)
FN:111,(anonymous_5)
FN:121,(anonymous_6)
FN:128,(anonymous_7)
FN:160,(anonymous_8)
FN:187,(anonymous_9)
FN:332,(anonymous_10)
FNF:11
FNH:0
FNDA:0,(anonymous_0)
FNDA:0,(anonymous_1)
FNDA:0,(anonymous_2)
FNDA:0,(anonymous_3)
FNDA:0,(anonymous_4)
FNDA:0,(anonymous_5)
FNDA:0,(anonymous_6)
FNDA:0,(anonymous_7)
FNDA:0,(anonymous_8)
FNDA:0,(anonymous_9)
FNDA:0,(anonymous_10)
DA:1,0
DA:19,0
DA:26,0
DA:27,0
DA:35,0
DA:36,0
DA:39,0
DA:48,0
DA:57,0
DA:65,0
DA:66,0
DA:67,0
DA:68,0
DA:81,0
DA:82,0
DA:83,0
DA:84,0
DA:85,0
DA:86,0
DA:87,0
DA:88,0
DA:89,0
DA:90,0
DA:93,0
DA:99,0
DA:101,0
DA:102,0
DA:111,0
DA:112,0
DA:121,0
DA:122,0
DA:123,0
DA:124,0
DA:128,0
DA:129,0
DA:130,0
DA:135,0
DA:136,0
DA:137,0
DA:138,0
DA:139,0
DA:142,0
DA:150,0
DA:151,0
DA:152,0
DA:160,0
DA:161,0
DA:162,0
DA:175,0
DA:176,0
DA:177,0
DA:180,0
DA:182,0
DA:187,0
DA:188,0
DA:189,0
DA:190,0
DA:192,0
DA:193,0
DA:194,0
DA:195,0
DA:196,0
DA:200,0
DA:202,0
DA:203,0
DA:204,0
DA:205,0
DA:206,0
DA:209,0
DA:214,0
DA:216,0
DA:217,0
DA:218,0
DA:221,0
DA:223,0
DA:225,0
DA:226,0
DA:229,0
DA:232,0
DA:233,0
DA:234,0
DA:235,0
DA:237,0
DA:238,0
DA:240,0
DA:242,0
DA:244,0
DA:246,0
DA:251,0
DA:253,0
DA:254,0
DA:255,0
DA:256,0
DA:258,0
DA:259,0
DA:261,0
DA:263,0
DA:265,0
DA:266,0
DA:267,0
DA:268,0
DA:269,0
DA:270,0
DA:271,0
DA:273,0
DA:275,0
DA:276,0
DA:277,0
DA:278,0
DA:279,0
DA:280,0
DA:281,0
DA:282,0
DA:283,0
DA:284,0
DA:286,0
DA:288,0
DA:289,0
DA:290,0
DA:292,0
DA:294,0
DA:296,0
DA:297,0
DA:298,0
DA:299,0
DA:302,0
DA:304,0
DA:306,0
DA:309,0
DA:311,0
DA:313,0
DA:316,0
DA:317,0
DA:320,0
DA:332,0
DA:339,0
DA:341,0
DA:350,0
DA:351,0
DA:353,0
LF:140
LH:0
BRDA:129,0,0,0
BRDA:129,0,1,0
BRDA:130,1,0,0
BRDA:130,1,1,0
BRDA:131,2,0,0
BRDA:131,2,1,0
BRDA:131,2,2,0
BRDA:138,3,0,0
BRDA:138,3,1,0
BRDA:162,4,0,0
BRDA:162,4,1,0
BRDA:163,5,0,0
BRDA:163,5,1,0
BRDA:163,5,2,0
BRDA:163,5,3,0
BRDA:163,5,4,0
BRDA:163,5,5,0
BRDA:163,5,6,0
BRDA:163,5,7,0
BRDA:163,5,8,0
BRDA:163,5,9,0
BRDA:163,5,10,0
BRDA:192,6,0,0
BRDA:192,6,1,0
BRDA:195,7,0,0
BRDA:195,7,1,0
BRDA:200,8,0,0
BRDA:200,8,1,0
BRDA:200,8,2,0
BRDA:200,8,3,0
BRDA:200,8,4,0
BRDA:200,8,5,0
BRDA:200,8,6,0
BRDA:202,9,0,0
BRDA:202,9,1,0
BRDA:206,10,0,0
BRDA:206,10,1,0
BRDA:216,11,0,0
BRDA:216,11,1,0
BRDA:218,12,0,0
BRDA:218,12,1,0
BRDA:225,13,0,0
BRDA:225,13,1,0
BRDA:229,14,0,0
BRDA:229,14,1,0
BRDA:232,15,0,0
BRDA:232,15,1,0
BRDA:234,16,0,0
BRDA:234,16,1,0
BRDA:238,17,0,0
BRDA:238,17,1,0
BRDA:246,18,0,0
BRDA:246,18,1,0
BRDA:247,19,0,0
BRDA:247,19,1,0
BRDA:254,20,0,0
BRDA:254,20,1,0
BRDA:258,21,0,0
BRDA:258,21,1,0
BRDA:265,22,0,0
BRDA:265,22,1,0
BRDA:269,23,0,0
BRDA:269,23,1,0
BRDA:270,24,0,0
BRDA:270,24,1,0
BRDA:275,25,0,0
BRDA:275,25,1,0
BRDA:279,26,0,0
BRDA:279,26,1,0
BRDA:282,27,0,0
BRDA:282,27,1,0
BRDA:292,28,0,0
BRDA:292,28,1,0
BRDA:296,29,0,0
BRDA:296,29,1,0
BRDA:299,30,0,0
BRDA:299,30,1,0
BRDA:306,31,0,0
BRDA:306,31,1,0
BRDA:316,32,0,0
BRDA:316,32,1,0
BRDA:339,33,0,0
BRDA:339,33,1,0
BRDA:350,34,0,0
BRDA:350,34,1,0
BRF:85
BRH:0
end_of_record
TN:
SF:deps\glift-core\parse\sgf_parsing_test.js
FN:1,(anonymous_0)
FN:4,(anonymous_1)
FN:12,(anonymous_2)
FN:18,(anonymous_3)
FN:24,(anonymous_4)
FN:30,(anonymous_5)
FN:43,(anonymous_6)
FN:46,(anonymous_7)
FN:77,(anonymous_8)
FN:81,(anonymous_9)
FN:93,(anonymous_10)
FN:97,(anonymous_11)
FN:109,(anonymous_12)
FN:118,(anonymous_13)
FN:127,(anonymous_14)
FN:136,(anonymous_15)
FN:145,(anonymous_16)
FN:164,(anonymous_17)
FN:182,(anonymous_18)
FN:188,(anonymous_19)
FN:213,(anonymous_20)
FN:224,(anonymous_21)
FN:238,(anonymous_22)
FNF:23
FNH:0
FNDA:0,(anonymous_0)
FNDA:0,(anonymous_1)
FNDA:0,(anonymous_2)
FNDA:0,(anonymous_3)
FNDA:0,(anonymous_4)
FNDA:0,(anonymous_5)
FNDA:0,(anonymous_6)
FNDA:0,(anonymous_7)
FNDA:0,(anonymous_8)
FNDA:0,(anonymous_9)
FNDA:0,(anonymous_10)
FNDA:0,(anonymous_11)
FNDA:0,(anonymous_12)
FNDA:0,(anonymous_13)
FNDA:0,(anonymous_14)
FNDA:0,(anonymous_15)
FNDA:0,(anonymous_16)
FNDA:0,(anonymous_17)
FNDA:0,(anonymous_18)
FNDA:0,(anonymous_19)
FNDA:0,(anonymous_20)
FNDA:0,(anonymous_21)
FNDA:0,(anonymous_22)
DA:1,0
DA:2,0
DA:4,0
DA:5,0
DA:6,0
DA:7,0
DA:8,0
DA:9,0
DA:12,0
DA:13,0
DA:14,0
DA:15,0
DA:18,0
DA:19,0
DA:20,0
DA:21,0
DA:24,0
DA:25,0
DA:26,0
DA:27,0
DA:30,0
DA:31,0
DA:32,0
DA:33,0
DA:34,0
DA:35,0
DA:36,0
DA:37,0
DA:38,0
DA:39,0
DA:40,0
DA:43,0
DA:44,0
DA:45,0
DA:46,0
DA:47,0
DA:50,0
DA:52,0
DA:53,0
DA:54,0
DA:55,0
DA:59,0
DA:64,0
DA:68,0
DA:74,0
DA:77,0
DA:78,0
DA:79,0
DA:80,0
DA:81,0
DA:82,0
DA:84,0
DA:86,0
DA:87,0
DA:88,0
DA:90,0
DA:93,0
DA:94,0
DA:95,0
DA:96,0
DA:97,0
DA:98,0
DA:100,0
DA:102,0
DA:103,0
DA:104,0
DA:105,0
DA:106,0
DA:109,0
DA:110,0
DA:111,0
DA:112,0
DA:114,0
DA:118,0
DA:119,0
DA:120,0
DA:121,0
DA:123,0
DA:127,0
DA:128,0
DA:129,0
DA:130,0
DA:132,0
DA:136,0
DA:137,0
DA:138,0
DA:139,0
DA:141,0
DA:145,0
DA:146,0
DA:147,0
DA:149,0
DA:152,0
DA:158,0
DA:159,0
DA:161,0
DA:164,0
DA:165,0
DA:166,0
DA:168,0
DA:171,0
DA:177,0
DA:178,0
DA:179,0
DA:182,0
DA:183,0
DA:184,0
DA:186,0
DA:187,0
DA:188,0
DA:189,0
DA:193,0
DA:194,0
DA:195,0
DA:197,0
DA:198,0
DA:203,0
DA:209,0
DA:210,0
DA:213,0
DA:214,0
DA:215,0
DA:217,0
DA:218,0
DA:219,0
DA:221,0
DA:224,0
DA:226,0
DA:228,0
DA:229,0
DA:230,0
DA:231,0
DA:232,0
DA:234,0
DA:235,0
DA:238,0
DA:239,0
DA:240,0
DA:241,0
LF:139
LH:0
BRF:0
BRH:0
end_of_record
TN:
SF:deps\glift-core\parse\tygem.js
FN:11,(anonymous_0)
FN:25,(anonymous_1)
FNF:2
FNH:0
FNDA:0,(anonymous_0)
FNDA:0,(anonymous_1)
DA:11,0
DA:12,0
DA:16,0
DA:18,0
DA:19,0
DA:20,0
DA:22,0
DA:23,0
DA:25,0
DA:26,0
DA:30,0
DA:32,0
DA:34,0
DA:37,0
DA:38,0
DA:39,0
DA:40,0
DA:41,0
DA:43,0
DA:44,0
DA:45,0
DA:46,0
DA:47,0
DA:48,0
DA:50,0
DA:51,0
DA:53,0
DA:62,0
DA:63,0
DA:64,0
DA:65,0
DA:66,0
DA:72,0
LF:33
LH:0
BRDA:30,0,0,0
BRDA:30,0,1,0
BRDA:41,1,0,0
BRDA:41,1,1,0
BRDA:45,2,0,0
BRDA:45,2,1,0
BRDA:47,3,0,0
BRDA:47,3,1,0
BRDA:50,4,0,0
BRDA:50,4,1,0
BRDA:51,5,0,0
BRDA:51,5,1,0
BRF:12
BRH:0
end_of_record
TN:
SF:deps\glift-core\parse\tygem_test.js
FN:1,(anonymous_0)
FN:5,(anonymous_1)
FN:10,(anonymous_2)
FN:27,(anonymous_3)
FNF:4
FNH:0
FNDA:0,(anonymous_0)
FNDA:0,(anonymous_1)
FNDA:0,(anonymous_2)
FNDA:0,(anonymous_3)
DA:1,0
DA:2,0
DA:3,0
DA:5,0
DA:6,0
DA:7,0
DA:10,0
DA:11,0
DA:12,0
DA:13,0
DA:15,0
DA:16,0
DA:20,0
DA:21,0
DA:27,0
DA:28,0
DA:29,0
DA:30,0
DA:32,0
DA:33,0
DA:34,0
LF:21
LH:0
BRF:0
BRH:0
end_of_record
TN:
SF:deps\glift-core\rules\all_properties.js
FNF:0
FNH:0
DA:1,0
DA:8,0
LF:2
LH:0
BRF:0
BRH:0
end_of_record
TN:
SF:deps\glift-core\rules\autonumber.js
FN:9,(anonymous_0)
FN:12,(anonymous_1)
FN:87,(anonymous_2)
FNF:3
FNH:0
FNDA:0,(anonymous_0)
FNDA:0,(anonymous_1)
FNDA:0,(anonymous_2)
DA:9,0
DA:10,0
DA:11,0
DA:12,0
DA:13,0
DA:14,0
DA:17,0
DA:22,0
DA:23,0
DA:24,0
DA:25,0
DA:28,0
DA:32,0
DA:33,0
DA:34,0
DA:36,0
DA:39,0
DA:45,0
DA:46,0
DA:47,0
DA:48,0
DA:49,0
DA:50,0
DA:51,0
DA:55,0
DA:56,0
DA:57,0
DA:58,0
DA:59,0
DA:60,0
DA:61,0
DA:63,0
DA:64,0
DA:67,0
DA:70,0
DA:71,0
DA:73,0
DA:76,0
DA:87,0
DA:88,0
DA:89,0
DA:90,0
DA:91,0
DA:92,0
DA:93,0
DA:94,0
DA:95,0
DA:96,0
DA:99,0
DA:102,0
DA:103,0
DA:105,0
LF:52
LH:0
BRDA:13,0,0,0
BRDA:13,0,1,0
BRDA:23,1,0,0
BRDA:23,1,1,0
BRDA:25,2,0,0
BRDA:25,2,1,0
BRDA:36,3,0,0
BRDA:36,3,1,0
BRDA:48,4,0,0
BRDA:48,4,1,0
BRDA:58,5,0,0
BRDA:58,5,1,0
BRDA:60,6,0,0
BRDA:60,6,1,0
BRDA:63,7,0,0
BRDA:63,7,1,0
BRDA:63,8,0,0
BRDA:63,8,1,0
BRDA:70,9,0,0
BRDA:70,9,1,0
BRDA:91,10,0,0
BRDA:91,10,1,0
BRDA:96,11,0,0
BRDA:96,11,1,0
BRDA:102,12,0,0
BRDA:102,12,1,0
BRF:26
BRH:0
end_of_record
TN:
SF:deps\glift-core\rules\autonumber_test.js
FN:1,(anonymous_0)
FN:5,(anonymous_1)
FN:23,(anonymous_2)
FNF:3
FNH:0
FNDA:0,(anonymous_0)
FNDA:0,(anonymous_1)
FNDA:0,(anonymous_2)
DA:1,0
DA:2,0
DA:3,0
DA:5,0
DA:6,0
DA:7,0
DA:8,0
DA:9,0
DA:10,0
DA:11,0
DA:12,0
DA:14,0
DA:15,0
DA:16,0
DA:18,0
DA:19,0
DA:20,0
DA:23,0
DA:25,0
DA:28,0
DA:29,0
DA:31,0
DA:32,0
DA:33,0
DA:34,0
DA:35,0
DA:36,0
DA:38,0
DA:39,0
DA:40,0
DA:41,0
DA:47,0
DA:48,0
DA:49,0
DA:50,0
DA:56,0
DA:57,0
DA:58,0
DA:59,0
DA:60,0
DA:65,0
LF:41
LH:0
BRF:0
BRH:0
end_of_record
TN:
SF:deps\glift-core\rules\goban.js
FN:23,(anonymous_0)
FN:46,(anonymous_1)
FN:103,(anonymous_2)
FN:123,(anonymous_3)
FN:132,(anonymous_4)
FN:142,(anonymous_5)
FN:147,(anonymous_6)
FN:156,(anonymous_7)
FN:177,(anonymous_8)
FN:185,(anonymous_9)
FN:206,(anonymous_10)
FN:218,(anonymous_11)
FN:231,(anonymous_12)
FN:263,(anonymous_13)
FN:349,(anonymous_14)
FN:372,(anonymous_15)
FN:395,(anonymous_16)
FN:404,(anonymous_17)
FN:416,(anonymous_18)
FN:441,(anonymous_19)
FN:463,(anonymous_20)
FN:495,(anonymous_21)
FN:536,(anonymous_22)
FN:557,(anonymous_23)
FN:575,(anonymous_24)
FN:592,(anonymous_25)
FN:604,(anonymous_26)
FN:619,(anonymous_27)
FN:635,(anonymous_28)
FNF:29
FNH:0
FNDA:0,(anonymous_0)
FNDA:0,(anonymous_1)
FNDA:0,(anonymous_2)
FNDA:0,(anonymous_3)
FNDA:0,(anonymous_4)
FNDA:0,(anonymous_5)
FNDA:0,(anonymous_6)
FNDA:0,(anonymous_7)
FNDA:0,(anonymous_8)
FNDA:0,(anonymous_9)
FNDA:0,(anonymous_10)
FNDA:0,(anonymous_11)
FNDA:0,(anonymous_12)
FNDA:0,(anonymous_13)
FNDA:0,(anonymous_14)
FNDA:0,(anonymous_15)
FNDA:0,(anonymous_16)
FNDA:0,(anonymous_17)
FNDA:0,(anonymous_18)
FNDA:0,(anonymous_19)
FNDA:0,(anonymous_20)
FNDA:0,(anonymous_21)
FNDA:0,(anonymous_22)
FNDA:0,(anonymous_23)
FNDA:0,(anonymous_24)
FNDA:0,(anonymous_25)
FNDA:0,(anonymous_26)
FNDA:0,(anonymous_27)
FNDA:0,(anonymous_28)
DA:1,0
DA:2,0
DA:3,0
DA:4,0
DA:5,0
DA:15,0
DA:17,0
DA:24,0
DA:25,0
DA:47,0
DA:48,0
DA:49,0
DA:50,0
DA:51,0
DA:52,0
DA:56,0
DA:57,0
DA:61,0
DA:62,0
DA:63,0
DA:65,0
DA:103,0
DA:104,0
DA:105,0
DA:109,0
DA:112,0
DA:118,0
DA:121,0
DA:124,0
DA:133,0
DA:134,0
DA:143,0
DA:148,0
DA:157,0
DA:178,0
DA:186,0
DA:187,0
DA:188,0
DA:189,0
DA:190,0
DA:194,0
DA:198,0
DA:207,0
DA:208,0
DA:209,0
DA:210,0
DA:219,0
DA:220,0
DA:232,0
DA:233,0
DA:234,0
DA:235,0
DA:240,0
DA:241,0
DA:242,0
DA:243,0
DA:244,0
DA:247,0
DA:264,0
DA:271,0
DA:275,0
DA:276,0
DA:280,0
DA:284,0
DA:286,0
DA:291,0
DA:292,0
DA:294,0
DA:295,0
DA:300,0
DA:303,0
DA:304,0
DA:305,0
DA:306,0
DA:307,0
DA:308,0
DA:309,0
DA:319,0
DA:320,0
DA:321,0
DA:324,0
DA:325,0
DA:327,0
DA:328,0
DA:329,0
DA:330,0
DA:332,0
DA:333,0
DA:339,0
DA:351,0
DA:352,0
DA:353,0
DA:354,0
DA:355,0
DA:356,0
DA:357,0
DA:360,0
DA:361,0
DA:373,0
DA:374,0
DA:375,0
DA:376,0
DA:377,0
DA:378,0
DA:379,0
DA:382,0
DA:396,0
DA:405,0
DA:417,0
DA:442,0
DA:443,0
DA:444,0
DA:445,0
DA:446,0
DA:447,0
DA:448,0
DA:451,0
DA:464,0
DA:465,0
DA:466,0
DA:467,0
DA:468,0
DA:469,0
DA:471,0
DA:472,0
DA:473,0
DA:474,0
DA:475,0
DA:476,0
DA:479,0
DA:480,0
DA:483,0
DA:496,0
DA:498,0
DA:499,0
DA:500,0
DA:501,0
DA:502,0
DA:503,0
DA:504,0
DA:505,0
DA:506,0
DA:507,0
DA:510,0
DA:511,0
DA:512,0
DA:513,0
DA:518,0
DA:519,0
DA:520,0
DA:521,0
DA:522,0
DA:525,0
DA:538,0
DA:539,0
DA:540,0
DA:541,0
DA:542,0
DA:543,0
DA:557,0
DA:558,0
DA:559,0
DA:560,0
DA:561,0
DA:562,0
DA:564,0
DA:566,0
DA:575,0
DA:577,0
DA:579,0
DA:581,0
DA:583,0
DA:586,0
DA:593,0
DA:605,0
DA:606,0
DA:607,0
DA:612,0
DA:620,0
DA:621,0
DA:635,0
DA:640,0
DA:646,0
DA:652,0
LF:184
LH:0
BRDA:24,0,0,0
BRDA:24,0,1,0
BRDA:47,1,0,0
BRDA:47,1,1,0
BRDA:58,2,0,0
BRDA:58,2,1,0
BRDA:104,3,0,0
BRDA:104,3,1,0
BRDA:104,4,0,0
BRDA:104,4,1,0
BRDA:133,5,0,0
BRDA:133,5,1,0
BRDA:133,6,0,0
BRDA:133,6,1,0
BRDA:158,7,0,0
BRDA:158,7,1,0
BRDA:158,7,2,0
BRDA:190,8,0,0
BRDA:190,8,1,0
BRDA:191,9,0,0
BRDA:191,9,1,0
BRDA:234,10,0,0
BRDA:234,10,1,0
BRDA:240,11,0,0
BRDA:240,11,1,0
BRDA:264,12,0,0
BRDA:264,12,1,0
BRDA:266,13,0,0
BRDA:266,13,1,0
BRDA:266,13,2,0
BRDA:275,14,0,0
BRDA:275,14,1,0
BRDA:286,15,0,0
BRDA:286,15,1,0
BRDA:292,16,0,0
BRDA:292,16,1,0
BRDA:319,17,0,0
BRDA:319,17,1,0
BRDA:328,18,0,0
BRDA:328,18,1,0
BRDA:330,19,0,0
BRDA:330,19,1,0
BRDA:330,20,0,0
BRDA:330,20,1,0
BRDA:378,21,0,0
BRDA:378,21,1,0
BRDA:406,22,0,0
BRDA:406,22,1,0
BRDA:418,23,0,0
BRDA:418,23,1,0
BRDA:447,24,0,0
BRDA:447,24,1,0
BRDA:468,25,0,0
BRDA:468,25,1,0
BRDA:472,26,0,0
BRDA:472,26,1,0
BRDA:479,27,0,0
BRDA:479,27,1,0
BRDA:505,28,0,0
BRDA:505,28,1,0
BRDA:510,29,0,0
BRDA:510,29,1,0
BRDA:512,30,0,0
BRDA:512,30,1,0
BRDA:521,31,0,0
BRDA:521,31,1,0
BRDA:538,32,0,0
BRDA:538,32,1,0
BRDA:538,33,0,0
BRDA:538,33,1,0
BRDA:540,34,0,0
BRDA:540,34,1,0
BRDA:605,35,0,0
BRDA:605,35,1,0
BRDA:605,36,0,0
BRDA:605,36,1,0
BRDA:646,37,0,0
BRDA:646,37,1,0
BRDA:652,38,0,0
BRDA:652,38,1,0
BRF:80
BRH:0
end_of_record
TN:
SF:deps\glift-core\rules\goban_test.js
FN:1,(anonymous_0)
FN:9,(anonymous_1)
FN:16,(anonymous_2)
FN:23,(anonymous_3)
FN:30,(anonymous_4)
FN:38,(anonymous_5)
FN:60,(anonymous_6)
FN:76,(anonymous_7)
FN:91,(anonymous_8)
FN:122,(anonymous_9)
FN:147,(anonymous_10)
FN:179,(anonymous_11)
FN:194,(anonymous_12)
FN:254,(anonymous_13)
FN:306,(anonymous_14)
FNF:15
FNH:0
FNDA:0,(anonymous_0)
FNDA:0,(anonymous_1)
FNDA:0,(anonymous_2)
FNDA:0,(anonymous_3)
FNDA:0,(anonymous_4)
FNDA:0,(anonymous_5)
FNDA:0,(anonymous_6)
FNDA:0,(anonymous_7)
FNDA:0,(anonymous_8)
FNDA:0,(anonymous_9)
FNDA:0,(anonymous_10)
FNDA:0,(anonymous_11)
FNDA:0,(anonymous_12)
FNDA:0,(anonymous_13)
FNDA:0,(anonymous_14)
DA:1,0
DA:2,0
DA:3,0
DA:4,0
DA:5,0
DA:6,0
DA:7,0
DA:9,0
DA:10,0
DA:11,0
DA:12,0
DA:13,0
DA:16,0
DA:17,0
DA:18,0
DA:19,0
DA:20,0
DA:23,0
DA:24,0
DA:25,0
DA:26,0
DA:27,0
DA:30,0
DA:31,0
DA:32,0
DA:33,0
DA:34,0
DA:35,0
DA:38,0
DA:39,0
DA:40,0
DA:41,0
DA:42,0
DA:43,0
DA:44,0
DA:46,0
DA:47,0
DA:48,0
DA:53,0
DA:60,0
DA:61,0
DA:62,0
DA:63,0
DA:64,0
DA:65,0
DA:67,0
DA:68,0
DA:69,0
DA:76,0
DA:77,0
DA:78,0
DA:79,0
DA:80,0
DA:82,0
DA:83,0
DA:84,0
DA:91,0
DA:92,0
DA:93,0
DA:94,0
DA:95,0
DA:96,0
DA:97,0
DA:98,0
DA:100,0
DA:105,0
DA:110,0
DA:115,0
DA:122,0
DA:123,0
DA:124,0
DA:126,0
DA:127,0
DA:128,0
DA:129,0
DA:132,0
DA:133,0
DA:134,0
DA:135,0
DA:136,0
DA:139,0
DA:140,0
DA:141,0
DA:142,0
DA:143,0
DA:144,0
DA:147,0
DA:148,0
DA:149,0
DA:154,0
DA:155,0
DA:156,0
DA:157,0
DA:158,0
DA:159,0
DA:160,0
DA:162,0
DA:163,0
DA:166,0
DA:167,0
DA:168,0
DA:169,0
DA:170,0
DA:171,0
DA:174,0
DA:176,0
DA:178,0
DA:179,0
DA:180,0
DA:183,0
DA:184,0
DA:185,0
DA:187,0
DA:188,0
DA:189,0
DA:191,0
DA:194,0
DA:195,0
DA:196,0
DA:204,0
DA:205,0
DA:207,0
DA:208,0
DA:209,0
DA:211,0
DA:212,0
DA:214,0
DA:215,0
DA:217,0
DA:218,0
DA:219,0
DA:220,0
DA:222,0
DA:223,0
DA:225,0
DA:226,0
DA:228,0
DA:229,0
DA:230,0
DA:231,0
DA:233,0
DA:234,0
DA:235,0
DA:237,0
DA:238,0
DA:239,0
DA:241,0
DA:242,0
DA:243,0
DA:245,0
DA:246,0
DA:247,0
DA:249,0
DA:250,0
DA:251,0
DA:254,0
DA:255,0
DA:256,0
DA:261,0
DA:262,0
DA:264,0
DA:265,0
DA:266,0
DA:268,0
DA:269,0
DA:271,0
DA:273,0
DA:274,0
DA:275,0
DA:276,0
DA:278,0
DA:280,0
DA:282,0
DA:283,0
DA:284,0
DA:285,0
DA:287,0
DA:289,0
DA:290,0
DA:291,0
DA:292,0
DA:294,0
DA:295,0
DA:297,0
DA:298,0
DA:299,0
DA:300,0
DA:302,0
DA:303,0
DA:306,0
DA:307,0
DA:308,0
DA:309,0
DA:310,0
DA:317,0
DA:318,0
DA:319,0
DA:320,0
DA:326,0
DA:328,0
DA:329,0
DA:330,0
DA:331,0
DA:332,0
DA:333,0
DA:334,0
DA:335,0
DA:337,0
DA:339,0
DA:340,0
DA:341,0
DA:342,0
DA:343,0
DA:345,0
DA:346,0
DA:350,0
DA:351,0
DA:352,0
DA:353,0
DA:355,0
DA:356,0
DA:357,0
LF:222
LH:0
BRF:0
BRH:0
end_of_record
TN:
SF:deps\glift-core\rules\move.js
FNF:0
FNH:0
DA:1,0
DA:13,0
LF:2
LH:0
BRF:0
BRH:0
end_of_record
TN:
SF:deps\glift-core\rules\movenode.js
FN:24,(anonymous_0)
FN:49,(anonymous_1)
FN:77,(anonymous_2)
FN:92,(anonymous_3)
FN:102,(anonymous_4)
FN:110,(anonymous_5)
FN:118,(anonymous_6)
FN:127,(anonymous_7)
FN:144,(anonymous_8)
FN:157,(anonymous_9)
FN:166,(anonymous_10)
FN:179,(anonymous_11)
FNF:12
FNH:0
FNDA:0,(anonymous_0)
FNDA:0,(anonymous_1)
FNDA:0,(anonymous_2)
FNDA:0,(anonymous_3)
FNDA:0,(anonymous_4)
FNDA:0,(anonymous_5)
FNDA:0,(anonymous_6)
FNDA:0,(anonymous_7)
FNDA:0,(anonymous_8)
FNDA:0,(anonymous_9)
FNDA:0,(anonymous_10)
FNDA:0,(anonymous_11)
DA:1,0
DA:13,0
DA:24,0
DA:30,0
DA:49,0
DA:56,0
DA:58,0
DA:60,0
DA:62,0
DA:69,0
DA:72,0
DA:78,0
DA:93,0
DA:94,0
DA:103,0
DA:111,0
DA:119,0
DA:128,0
DA:136,0
DA:145,0
DA:146,0
DA:147,0
DA:149,0
DA:158,0
DA:167,0
DA:168,0
DA:179,0
DA:180,0
DA:181,0
DA:182,0
DA:183,0
DA:185,0
LF:32
LH:0
BRDA:56,0,0,0
BRDA:56,0,1,0
BRDA:58,1,0,0
BRDA:58,1,1,0
BRDA:60,2,0,0
BRDA:60,2,1,0
BRDA:62,3,0,0
BRDA:62,3,1,0
BRDA:145,4,0,0
BRDA:145,4,1,0
BRDA:146,5,0,0
BRDA:146,5,1,0
BRF:12
BRH:0
end_of_record
TN:
SF:deps\glift-core\rules\movenode_test.js
FN:1,(anonymous_0)
FN:3,(anonymous_1)
FN:8,(anonymous_2)
FN:15,(anonymous_3)
FNF:4
FNH:0
FNDA:0,(anonymous_0)
FNDA:0,(anonymous_1)
FNDA:0,(anonymous_2)
FNDA:0,(anonymous_3)
DA:1,0
DA:2,0
DA:3,0
DA:4,0
DA:5,0
DA:8,0
DA:9,0
DA:10,0
DA:11,0
DA:12,0
DA:15,0
DA:16,0
DA:17,0
DA:18,0
DA:19,0
DA:20,0
LF:16
LH:0
BRF:0
BRH:0
end_of_record
TN:
SF:deps\glift-core\rules\movetree.js
FN:43,(anonymous_0)
FN:60,(anonymous_1)
FN:89,(anonymous_2)
FN:102,(anonymous_3)
FN:160,(anonymous_4)
FN:188,(anonymous_5)
FN:196,(anonymous_6)
FN:204,(anonymous_7)
FN:213,(anonymous_8)
FN:224,(anonymous_9)
FN:238,(anonymous_10)
FN:250,(anonymous_11)
FN:285,(anonymous_12)
FN:303,(anonymous_13)
FN:315,(anonymous_14)
FN:336,(anonymous_15)
FN:344,(anonymous_16)
FN:357,(anonymous_17)
FN:383,(anonymous_18)
FN:406,(anonymous_19)
FN:417,(anonymous_20)
FN:430,(anonymous_21)
FN:446,(anonymous_22)
FN:464,(anonymous_23)
FN:484,(anonymous_24)
FN:509,(anonymous_25)
FN:542,(anonymous_26)
FN:550,(anonymous_27)
FN:558,(anonymous_28)
FN:568,(anonymous_29)
FN:587,(anonymous_30)
FN:603,(anonymous_31)
FNF:32
FNH:0
FNDA:0,(anonymous_0)
FNDA:0,(anonymous_1)
FNDA:0,(anonymous_2)
FNDA:0,(anonymous_3)
FNDA:0,(anonymous_4)
FNDA:0,(anonymous_5)
FNDA:0,(anonymous_6)
FNDA:0,(anonymous_7)
FNDA:0,(anonymous_8)
FNDA:0,(anonymous_9)
FNDA:0,(anonymous_10)
FNDA:0,(anonymous_11)
FNDA:0,(anonymous_12)
FNDA:0,(anonymous_13)
FNDA:0,(anonymous_14)
FNDA:0,(anonymous_15)
FNDA:0,(anonymous_16)
FNDA:0,(anonymous_17)
FNDA:0,(anonymous_18)
FNDA:0,(anonymous_19)
FNDA:0,(anonymous_20)
FNDA:0,(anonymous_21)
FNDA:0,(anonymous_22)
FNDA:0,(anonymous_23)
FNDA:0,(anonymous_24)
FNDA:0,(anonymous_25)
FNDA:0,(anonymous_26)
FNDA:0,(anonymous_27)
FNDA:0,(anonymous_28)
FNDA:0,(anonymous_29)
FNDA:0,(anonymous_30)
FNDA:0,(anonymous_31)
DA:1,0
DA:2,0
DA:36,0
DA:44,0
DA:45,0
DA:46,0
DA:48,0
DA:61,0
DA:62,0
DA:64,0
DA:68,0
DA:71,0
DA:73,0
DA:74,0
DA:77,0
DA:79,0
DA:81,0
DA:90,0
DA:91,0
DA:92,0
DA:93,0
DA:103,0
DA:104,0
DA:105,0
DA:106,0
DA:107,0
DA:109,0
DA:110,0
DA:112,0
DA:113,0
DA:115,0
DA:118,0
DA:119,0
DA:120,0
DA:122,0
DA:125,0
DA:126,0
DA:128,0
DA:129,0
DA:131,0
DA:132,0
DA:134,0
DA:135,0
DA:137,0
DA:138,0
DA:142,0
DA:160,0
DA:162,0
DA:164,0
DA:166,0
DA:176,0
DA:179,0
DA:189,0
DA:197,0
DA:205,0
DA:214,0
DA:215,0
DA:225,0
DA:226,0
DA:227,0
DA:228,0
DA:230,0
DA:239,0
DA:240,0
DA:241,0
DA:243,0
DA:251,0
DA:252,0
DA:253,0
DA:256,0
DA:257,0
DA:260,0
DA:261,0
DA:262,0
DA:263,0
DA:264,0
DA:266,0
DA:268,0
DA:269,0
DA:270,0
DA:271,0
DA:272,0
DA:273,0
DA:275,0
DA:286,0
DA:304,0
DA:316,0
DA:317,0
DA:318,0
DA:319,0
DA:323,0
DA:326,0
DA:337,0
DA:338,0
DA:339,0
DA:345,0
DA:358,0
DA:359,0
DA:360,0
DA:361,0
DA:362,0
DA:363,0
DA:364,0
DA:367,0
DA:372,0
DA:373,0
DA:375,0
DA:384,0
DA:385,0
DA:386,0
DA:387,0
DA:388,0
DA:390,0
DA:407,0
DA:418,0
DA:419,0
DA:420,0
DA:422,0
DA:431,0
DA:432,0
DA:433,0
DA:435,0
DA:447,0
DA:448,0
DA:449,0
DA:450,0
DA:451,0
DA:452,0
DA:453,0
DA:456,0
DA:465,0
DA:466,0
DA:467,0
DA:468,0
DA:469,0
DA:470,0
DA:472,0
DA:474,0
DA:485,0
DA:486,0
DA:487,0
DA:489,0
DA:490,0
DA:491,0
DA:492,0
DA:493,0
DA:494,0
DA:495,0
DA:496,0
DA:497,0
DA:498,0
DA:499,0
DA:503,0
DA:504,0
DA:509,0
DA:510,0
DA:511,0
DA:512,0
DA:514,0
DA:521,0
DA:522,0
DA:523,0
DA:524,0
DA:527,0
DA:530,0
DA:531,0
DA:532,0
DA:533,0
DA:535,0
DA:543,0
DA:551,0
DA:559,0
DA:569,0
DA:570,0
DA:571,0
DA:572,0
DA:573,0
DA:575,0
DA:588,0
DA:589,0
DA:590,0
DA:591,0
DA:593,0
DA:604,0
DA:606,0
DA:609,0
DA:610,0
DA:613,0
DA:614,0
DA:615,0
DA:616,0
DA:617,0
DA:618,0
DA:620,0
DA:621,0
DA:624,0
DA:626,0
DA:629,0
DA:630,0
DA:631,0
DA:634,0
DA:638,0
DA:639,0
DA:641,0
LF:204
LH:0
BRDA:45,0,0,0
BRDA:45,0,1,0
BRDA:61,1,0,0
BRDA:61,1,1,0
BRDA:62,2,0,0
BRDA:62,2,1,0
BRDA:64,3,0,0
BRDA:64,3,1,0
BRDA:65,4,0,0
BRDA:65,4,1,0
BRDA:73,5,0,0
BRDA:73,5,1,0
BRDA:73,6,0,0
BRDA:73,6,1,0
BRDA:106,7,0,0
BRDA:106,7,1,0
BRDA:109,8,0,0
BRDA:109,8,1,0
BRDA:112,9,0,0
BRDA:112,9,1,0
BRDA:115,10,0,0
BRDA:115,10,1,0
BRDA:119,11,0,0
BRDA:119,11,1,0
BRDA:125,12,0,0
BRDA:125,12,1,0
BRDA:128,13,0,0
BRDA:128,13,1,0
BRDA:131,14,0,0
BRDA:131,14,1,0
BRDA:134,15,0,0
BRDA:134,15,1,0
BRDA:137,16,0,0
BRDA:137,16,1,0
BRDA:164,17,0,0
BRDA:164,17,1,0
BRDA:176,18,0,0
BRDA:176,18,1,0
BRDA:225,19,0,0
BRDA:225,19,1,0
BRDA:227,20,0,0
BRDA:227,20,1,0
BRDA:240,21,0,0
BRDA:240,21,1,0
BRDA:256,22,0,0
BRDA:256,22,1,0
BRDA:263,23,0,0
BRDA:263,23,1,0
BRDA:268,24,0,0
BRDA:268,24,1,0
BRDA:270,25,0,0
BRDA:270,25,1,0
BRDA:272,26,0,0
BRDA:272,26,1,0
BRDA:317,27,0,0
BRDA:317,27,1,0
BRDA:317,28,0,0
BRDA:317,28,1,0
BRDA:320,29,0,0
BRDA:320,29,1,0
BRDA:363,30,0,0
BRDA:363,30,1,0
BRDA:364,31,0,0
BRDA:364,31,1,0
BRDA:372,32,0,0
BRDA:372,32,1,0
BRDA:386,33,0,0
BRDA:386,33,1,0
BRDA:419,34,0,0
BRDA:419,34,1,0
BRDA:452,35,0,0
BRDA:452,35,1,0
BRDA:465,36,0,0
BRDA:465,36,1,0
BRDA:498,37,0,0
BRDA:498,37,1,0
BRDA:498,38,0,0
BRDA:498,38,1,0
BRDA:503,39,0,0
BRDA:503,39,1,0
BRDA:511,40,0,0
BRDA:511,40,1,0
BRDA:511,41,0,0
BRDA:511,41,1,0
BRDA:511,41,2,0
BRDA:532,42,0,0
BRDA:532,42,1,0
BRDA:590,43,0,0
BRDA:590,43,1,0
BRDA:604,44,0,0
BRDA:604,44,1,0
BRDA:609,45,0,0
BRDA:609,45,1,0
BRDA:609,46,0,0
BRDA:609,46,1,0
BRDA:617,47,0,0
BRDA:617,47,1,0
BRDA:631,48,0,0
BRDA:631,48,1,0
BRDA:638,49,0,0
BRDA:638,49,1,0
BRDA:638,50,0,0
BRDA:638,50,1,0
BRF:103
BRH:0
end_of_record
TN:
SF:deps\glift-core\rules\movetree_test.js
FN:1,(anonymous_0)
FN:7,(anonymous_1)
FN:12,(anonymous_2)
FN:30,(anonymous_3)
FN:61,(anonymous_4)
FN:75,(anonymous_5)
FN:82,(anonymous_6)
FN:109,(anonymous_7)
FN:118,(anonymous_8)
FN:133,(anonymous_9)
FN:148,(anonymous_10)
FN:183,(anonymous_11)
FN:199,(anonymous_12)
FN:218,(anonymous_13)
FN:234,(anonymous_14)
FN:256,(anonymous_15)
FN:274,(anonymous_16)
FN:279,(anonymous_17)
FN:285,(anonymous_18)
FN:291,(anonymous_19)
FN:302,(anonymous_20)
FN:308,(anonymous_21)
FN:314,(anonymous_22)
FN:330,(anonymous_23)
FN:348,(anonymous_24)
FN:374,(anonymous_25)
FN:405,(anonymous_26)
FN:412,(anonymous_27)
FNF:28
FNH:0
FNDA:0,(anonymous_0)
FNDA:0,(anonymous_1)
FNDA:0,(anonymous_2)
FNDA:0,(anonymous_3)
FNDA:0,(anonymous_4)
FNDA:0,(anonymous_5)
FNDA:0,(anonymous_6)
FNDA:0,(anonymous_7)
FNDA:0,(anonymous_8)
FNDA:0,(anonymous_9)
FNDA:0,(anonymous_10)
FNDA:0,(anonymous_11)
FNDA:0,(anonymous_12)
FNDA:0,(anonymous_13)
FNDA:0,(anonymous_14)
FNDA:0,(anonymous_15)
FNDA:0,(anonymous_16)
FNDA:0,(anonymous_17)
FNDA:0,(anonymous_18)
FNDA:0,(anonymous_19)
FNDA:0,(anonymous_20)
FNDA:0,(anonymous_21)
FNDA:0,(anonymous_22)
FNDA:0,(anonymous_23)
FNDA:0,(anonymous_24)
FNDA:0,(anonymous_25)
FNDA:0,(anonymous_26)
FNDA:0,(anonymous_27)
DA:1,0
DA:2,0
DA:3,0
DA:4,0
DA:5,0
DA:7,0
DA:8,0
DA:9,0
DA:12,0
DA:13,0
DA:14,0
DA:15,0
DA:16,0
DA:17,0
DA:18,0
DA:19,0
DA:20,0
DA:21,0
DA:22,0
DA:23,0
DA:27,0
DA:30,0
DA:31,0
DA:32,0
DA:33,0
DA:34,0
DA:38,0
DA:40,0
DA:44,0
DA:50,0
DA:54,0
DA:61,0
DA:62,0
DA:63,0
DA:68,0
DA:75,0
DA:76,0
DA:77,0
DA:78,0
DA:79,0
DA:82,0
DA:83,0
DA:84,0
DA:85,0
DA:86,0
DA:88,0
DA:89,0
DA:90,0
DA:91,0
DA:92,0
DA:94,0
DA:95,0
DA:96,0
DA:97,0
DA:99,0
DA:100,0
DA:101,0
DA:102,0
DA:103,0
DA:106,0
DA:110,0
DA:111,0
DA:112,0
DA:113,0
DA:114,0
DA:118,0
DA:119,0
DA:120,0
DA:125,0
DA:130,0
DA:133,0
DA:134,0
DA:135,0
DA:136,0
DA:141,0
DA:148,0
DA:149,0
DA:150,0
DA:151,0
DA:152,0
DA:153,0
DA:155,0
DA:160,0
DA:161,0
DA:163,0
DA:164,0
DA:169,0
DA:170,0
DA:172,0
DA:173,0
DA:174,0
DA:179,0
DA:180,0
DA:183,0
DA:184,0
DA:185,0
DA:186,0
DA:187,0
DA:192,0
DA:199,0
DA:200,0
DA:201,0
DA:202,0
DA:208,0
DA:210,0
DA:211,0
DA:212,0
DA:213,0
DA:215,0
DA:216,0
DA:218,0
DA:219,0
DA:220,0
DA:221,0
DA:222,0
DA:223,0
DA:225,0
DA:227,0
DA:234,0
DA:235,0
DA:236,0
DA:237,0
DA:238,0
DA:244,0
DA:246,0
DA:247,0
DA:248,0
DA:253,0
DA:256,0
DA:257,0
DA:258,0
DA:259,0
DA:260,0
DA:261,0
DA:263,0
DA:266,0
DA:267,0
DA:268,0
DA:269,0
DA:270,0
DA:271,0
DA:274,0
DA:275,0
DA:276,0
DA:279,0
DA:280,0
DA:281,0
DA:282,0
DA:285,0
DA:286,0
DA:287,0
DA:288,0
DA:291,0
DA:292,0
DA:293,0
DA:294,0
DA:295,0
DA:296,0
DA:297,0
DA:298,0
DA:299,0
DA:302,0
DA:303,0
DA:304,0
DA:305,0
DA:308,0
DA:309,0
DA:310,0
DA:311,0
DA:314,0
DA:315,0
DA:316,0
DA:320,0
DA:321,0
DA:322,0
DA:323,0
DA:324,0
DA:325,0
DA:326,0
DA:327,0
DA:330,0
DA:331,0
DA:333,0
DA:336,0
DA:337,0
DA:339,0
DA:340,0
DA:341,0
DA:343,0
DA:344,0
DA:345,0
DA:348,0
DA:349,0
DA:351,0
DA:354,0
DA:355,0
DA:357,0
DA:358,0
DA:359,0
DA:361,0
DA:362,0
DA:363,0
DA:365,0
DA:366,0
DA:367,0
DA:369,0
DA:370,0
DA:371,0
DA:374,0
DA:375,0
DA:377,0
DA:381,0
DA:382,0
DA:384,0
DA:385,0
DA:386,0
DA:387,0
DA:388,0
DA:389,0
DA:390,0
DA:391,0
DA:392,0
DA:394,0
DA:399,0
DA:400,0
DA:401,0
DA:402,0
DA:405,0
DA:406,0
DA:407,0
DA:408,0
DA:409,0
DA:412,0
DA:413,0
DA:414,0
DA:415,0
DA:416,0
DA:418,0
DA:419,0
DA:420,0
DA:422,0
DA:423,0
DA:426,0
DA:427,0
DA:428,0
DA:430,0
DA:431,0
LF:247
LH:0
BRDA:220,0,0,0
BRDA:220,0,1,0
BRDA:222,1,0,0
BRDA:222,1,1,0
BRDA:225,2,0,0
BRDA:225,2,1,0
BRF:6
BRH:0
end_of_record
TN:
SF:deps\glift-core\rules\problems.js
FN:43,(anonymous_0)
FN:102,(anonymous_1)
FNF:2
FNH:0
FNDA:0,(anonymous_0)
FNDA:0,(anonymous_1)
DA:1,0
DA:2,0
DA:9,0
DA:11,0
DA:44,0
DA:45,0
DA:46,0
DA:48,0
DA:51,0
DA:55,0
DA:56,0
DA:57,0
DA:58,0
DA:59,0
DA:60,0
DA:61,0
DA:62,0
DA:65,0
DA:66,0
DA:70,0
DA:74,0
[...]
FN:32,(anonymous_1)
FN:45,(anonymous_2)
FN:88,(anonymous_3)
FN:112,(anonymous_4)
FN:124,(anonymous_5)
FN:146,(anonymous_6)
FN:164,(anonymous_7)
FN:178,(anonymous_8)
FN:192,(anonymous_9)
FN:213,(anonymous_10)
FN:222,(anonymous_11)
FN:232,(anonymous_12)
FN:242,(anonymous_13)
FN:251,(anonymous_14)
FN:264,(anonymous_15)
FN:277,(anonymous_16)
FN:291,(anonymous_17)
FN:304,(anonymous_18)
FN:317,(anonymous_19)
FN:328,(anonymous_20)
FNF:21
FNH:13
FNDA:10,(anonymous_0)
FNDA:1,(anonymous_1)
FNDA:0,(anonymous_2)
FNDA:0,(anonymous_3)
FNDA:2,(anonymous_4)
FNDA:1,(anonymous_5)
FNDA:0,(anonymous_6)
FNDA:10,(anonymous_7)
FNDA:1,(anonymous_8)
FNDA:1,(anonymous_9)
FNDA:1,(anonymous_10)
FNDA:2,(anonymous_11)
FNDA:1,(anonymous_12)
FNDA:0,(anonymous_13)
FNDA:1,(anonymous_14)
FNDA:2,(anonymous_15)
FNDA:1,(anonymous_16)
FNDA:0,(anonymous_17)
FNDA:0,(anonymous_18)
FNDA:0,(anonymous_19)
FNDA:0,(anonymous_20)
DA:14,2
DA:15,10
DA:17,7
DA:18,7
DA:19,3
DA:21,3
DA:24,0
DA:32,2
DA:33,1
DA:34,1
DA:35,1
DA:45,2
DA:46,0
DA:48,0
DA:52,0
DA:55,0
DA:57,0
DA:58,0
DA:60,0
DA:62,0
DA:63,0
DA:69,0
DA:70,0
DA:73,0
DA:74,0
DA:75,0
DA:79,0
DA:88,2
DA:89,0
DA:90,0
DA:102,0
DA:103,0
DA:112,2
DA:113,2
DA:114,0
DA:116,2
DA:124,2
DA:125,1
DA:128,1
DA:129,0
DA:133,1
DA:134,1
DA:137,1
DA:146,2
DA:147,0
DA:169,10
DA:179,1
DA:180,0
DA:182,1
DA:183,1
DA:193,1
DA:195,1
DA:196,2
DA:198,1
DA:201,0
DA:202,0
DA:204,0
DA:205,0
DA:214,1
DA:223,2
DA:224,2
DA:233,1
DA:234,1
DA:243,0
DA:252,1
DA:253,0
DA:255,1
DA:256,1
DA:265,2
DA:266,0
DA:268,2
DA:269,2
DA:278,1
DA:279,1
DA:281,0
DA:283,1
DA:292,0
DA:293,0
DA:295,0
DA:297,0
DA:305,0
DA:306,0
DA:308,0
DA:318,0
DA:319,0
DA:329,0
DA:330,0
LF:87
LH:44
BRDA:15,0,0,7
BRDA:15,0,1,3
BRDA:18,1,0,7
BRDA:18,1,1,0
BRDA:19,2,0,3
BRDA:19,2,1,0
BRDA:19,3,0,3
BRDA:19,3,1,3
BRDA:48,4,0,0
BRDA:48,4,1,0
BRDA:57,5,0,0
BRDA:57,5,1,0
BRDA:69,6,0,0
BRDA:69,6,1,0
BRDA:113,7,0,0
BRDA:113,7,1,2
BRDA:113,8,0,2
BRDA:113,8,1,2
BRDA:125,9,0,0
BRDA:125,9,1,1
BRDA:128,10,0,0
BRDA:128,10,1,1
BRDA:179,11,0,0
BRDA:179,11,1,1
BRDA:193,12,0,1
BRDA:193,12,1,0
BRDA:201,13,0,0
BRDA:201,13,1,0
BRDA:252,14,0,0
BRDA:252,14,1,1
BRDA:265,15,0,0
BRDA:265,15,1,2
BRDA:278,16,0,1
BRDA:278,16,1,0
BRDA:292,17,0,0
BRDA:292,17,1,0
BRF:36
BRH:16
end_of_record
TN:
SF:src\dom\error.js
FN:28,(anonymous_0)
FN:67,(anonymous_1)
FN:82,(anonymous_2)
FN:98,(anonymous_3)
FN:114,(anonymous_4)
FN:116,(anonymous_5)
FN:128,(anonymous_6)
FN:143,(anonymous_7)
FNF:8
FNH:0
FNDA:0,(anonymous_0)
FNDA:0,(anonymous_1)
FNDA:0,(anonymous_2)
FNDA:0,(anonymous_3)
FNDA:0,(anonymous_4)
FNDA:0,(anonymous_5)
FNDA:0,(anonymous_6)
FNDA:0,(anonymous_7)
DA:13,0
DA:28,0
DA:29,0
DA:32,0
DA:43,0
DA:44,0
DA:47,0
DA:48,0
DA:49,0
DA:50,0
DA:51,0
DA:52,0
DA:55,0
DA:68,0
DA:69,0
DA:70,0
DA:73,0
DA:74,0
DA:83,0
DA:85,0
DA:86,0
DA:89,0
DA:98,0
DA:99,0
DA:101,0
DA:102,0
DA:104,0
DA:105,0
DA:106,0
DA:114,0
DA:115,0
DA:116,0
DA:117,0
DA:118,0
DA:128,0
DA:129,0
DA:131,0
DA:132,0
DA:134,0
DA:135,0
DA:136,0
DA:137,0
DA:138,0
DA:140,0
DA:143,0
DA:144,0
DA:145,0
LF:47
LH:0
BRDA:47,0,0,0
BRDA:47,0,1,0
BRDA:70,1,0,0
BRDA:70,1,1,0
BRDA:73,2,0,0
BRDA:73,2,1,0
BRDA:85,3,0,0
BRDA:85,3,1,0
BRDA:101,4,0,0
BRDA:101,4,1,0
BRDA:104,5,0,0
BRDA:104,5,1,0
BRDA:117,6,0,0
BRDA:117,6,1,0
BRDA:131,7,0,0
BRDA:131,7,1,0
BRDA:134,8,0,0
BRDA:134,8,1,0
BRDA:144,9,0,0
BRDA:144,9,1,0
BRF:20
BRH:0
end_of_record
TN:
SF:src\dom\index.js
FN:56,(anonymous_0)
FN:77,(anonymous_1)
FN:79,(anonymous_2)
FN:94,(anonymous_3)
FN:119,(anonymous_4)
FNF:5
FNH:0
FNDA:0,(anonymous_0)
FNDA:0,(anonymous_1)
FNDA:0,(anonymous_2)
FNDA:0,(anonymous_3)
FNDA:0,(anonymous_4)
DA:43,0
DA:56,0
DA:57,0
DA:58,0
DA:59,0
DA:60,0
DA:77,0
DA:78,0
DA:79,0
DA:80,0
DA:82,0
DA:94,0
DA:95,0
DA:99,0
DA:100,0
DA:101,0
DA:104,0
DA:119,0
DA:120,0
DA:121,0
DA:122,0
DA:123,0
DA:127,0
DA:130,0
DA:131,0
DA:132,0
DA:134,0
DA:136,0
LF:28
LH:0
BRDA:58,0,0,0
BRDA:58,0,1,0
BRDA:59,1,0,0
BRDA:59,1,1,0
BRDA:78,2,0,0
BRDA:78,2,1,0
BRDA:95,3,0,0
BRDA:95,3,1,0
BRDA:99,4,0,0
BRDA:99,4,1,0
BRDA:121,5,0,0
BRDA:121,5,1,0
BRDA:130,6,0,0
BRDA:130,6,1,0
BRDA:130,7,0,0
BRDA:130,7,1,0
BRDA:132,8,0,0
BRDA:132,8,1,0
BRDA:132,9,0,0
BRDA:132,9,1,0
BRF:20
BRH:0
end_of_record
TN:
SF:src\dom\sanitize_test.js
FN:4,(anonymous_0)
FN:11,(anonymous_1)
FN:12,(anonymous_2)
FN:16,(anonymous_3)
FN:20,(anonymous_4)
FN:27,(anonymous_5)
FN:32,(anonymous_6)
FN:37,(anonymous_7)
FN:42,(anonymous_8)
FN:48,(anonymous_9)
FNF:10
FNH:0
FNDA:0,(anonymous_0)
FNDA:0,(anonymous_1)
FNDA:0,(anonymous_2)
FNDA:0,(anonymous_3)
FNDA:0,(anonymous_4)
FNDA:0,(anonymous_5)
FNDA:0,(anonymous_6)
FNDA:0,(anonymous_7)
FNDA:0,(anonymous_8)
FNDA:0,(anonymous_9)
DA:4,0
DA:5,0
DA:6,0
DA:11,0
DA:12,0
DA:13,0
DA:16,0
DA:17,0
DA:20,0
DA:21,0
DA:27,0
DA:28,0
DA:29,0
DA:32,0
DA:33,0
DA:34,0
DA:37,0
DA:38,0
DA:39,0
DA:42,0
DA:43,0
DA:44,0
DA:45,0
DA:48,0
DA:49,0
DA:50,0
LF:26
LH:0
BRF:0
BRH:0
end_of_record
TN:
SF:src\dom\ux.js
FN:14,(anonymous_0)
FN:38,(anonymous_1)
FN:50,(anonymous_2)
FN:73,(anonymous_3)
FN:92,(anonymous_4)
FN:115,(anonymous_5)
FN:131,(anonymous_6)
FN:157,(anonymous_7)
FN:179,(anonymous_8)
FN:200,(anonymous_9)
FN:210,(anonymous_10)
FNF:11
FNH:0
FNDA:0,(anonymous_0)
FNDA:0,(anonymous_1)
FNDA:0,(anonymous_2)
FNDA:0,(anonymous_3)
FNDA:0,(anonymous_4)
FNDA:0,(anonymous_5)
FNDA:0,(anonymous_6)
FNDA:0,(anonymous_7)
FNDA:0,(anonymous_8)
FNDA:0,(anonymous_9)
FNDA:0,(anonymous_10)
DA:14,0
DA:15,0
DA:17,0
DA:18,0
DA:19,0
DA:22,0
DA:23,0
DA:24,0
DA:26,0
DA:38,0
DA:39,0
DA:50,0
DA:51,0
DA:53,0
DA:54,0
DA:57,0
DA:58,0
DA:60,0
DA:73,0
DA:74,0
DA:76,0
DA:77,0
DA:78,0
DA:81,0
DA:92,0
DA:94,0
DA:95,0
DA:102,0
DA:115,0
DA:116,0
DA:117,0
DA:119,0
DA:131,0
DA:132,0
DA:134,0
DA:136,0
DA:148,0
DA:157,0
DA:158,0
DA:160,0
DA:162,0
DA:167,0
DA:179,0
DA:180,0
DA:182,0
DA:184,0
DA:186,0
DA:194,0
DA:200,0
DA:201,0
DA:202,0
DA:203,0
DA:204,0
DA:210,0
DA:211,0
DA:212,0
DA:213,0
DA:214,0
LF:58
LH:0
BRDA:15,0,0,0
BRDA:15,0,1,0
BRDA:17,1,0,0
BRDA:17,1,1,0
BRDA:23,2,0,0
BRDA:23,2,1,0
BRDA:24,3,0,0
BRDA:24,3,1,0
BRDA:51,4,0,0
BRDA:51,4,1,0
BRDA:53,5,0,0
BRDA:53,5,1,0
BRDA:61,6,0,0
BRDA:61,6,1,0
BRDA:61,6,2,0
BRDA:61,6,3,0
BRDA:73,7,0,0
BRDA:74,8,0,0
BRDA:74,8,1,0
BRDA:76,9,0,0
BRDA:76,9,1,0
BRDA:82,10,0,0
BRDA:82,10,1,0
BRDA:94,11,0,0
BRDA:94,11,1,0
BRDA:94,12,0,0
BRDA:94,12,1,0
BRDA:117,13,0,0
BRDA:117,13,1,0
BRDA:132,14,0,0
BRDA:132,14,1,0
BRDA:134,15,0,0
BRDA:134,15,1,0
BRDA:158,16,0,0
BRDA:158,16,1,0
BRDA:160,17,0,0
BRDA:160,17,1,0
BRDA:179,18,0,0
BRDA:179,19,0,0
BRDA:179,20,0,0
BRDA:180,21,0,0
BRDA:180,21,1,0
BRDA:182,22,0,0
BRDA:182,22,1,0
BRF:44
BRH:0
end_of_record
TN:
SF:src\svg\index.js
FN:26,(anonymous_0)
FN:50,(anonymous_1)
FN:76,(anonymous_2)
FN:104,(anonymous_3)
FN:137,(anonymous_4)
FN:170,(anonymous_5)
FN:201,(anonymous_6)
FN:229,(anonymous_7)
FN:239,(anonymous_8)
FN:248,(anonymous_9)
FN:257,(anonymous_10)
FN:266,(anonymous_11)
FN:275,(anonymous_12)
FN:284,(anonymous_13)
FN:306,(anonymous_14)
FN:320,(anonymous_15)
FN:345,(anonymous_16)
FN:365,(anonymous_17)
FN:379,(anonymous_18)
FN:397,(anonymous_19)
FNF:20
FNH:18
FNDA:4,(anonymous_0)
FNDA:1,(anonymous_1)
FNDA:2,(anonymous_2)
FNDA:1,(anonymous_3)
FNDA:1,(anonymous_4)
FNDA:1,(anonymous_5)
FNDA:0,(anonymous_6)
FNDA:1,(anonymous_7)
FNDA:6,(anonymous_8)
FNDA:1,(anonymous_9)
FNDA:1,(anonymous_10)
FNDA:1,(anonymous_11)
FNDA:1,(anonymous_12)
FNDA:1,(anonymous_13)
FNDA:1,(anonymous_14)
FNDA:10,(anonymous_15)
FNDA:8,(anonymous_16)
FNDA:1,(anonymous_17)
FNDA:1,(anonymous_18)
FNDA:0,(anonymous_19)
DA:26,1
DA:27,4
DA:28,4
DA:30,4
DA:31,1
DA:34,4
DA:50,1
DA:51,1
DA:52,1
DA:76,1
DA:77,2
DA:78,2
DA:80,2
DA:81,1
DA:84,2
DA:104,1
DA:105,1
DA:106,1
DA:108,1
DA:109,1
DA:112,1
DA:137,1
DA:138,1
DA:139,1
DA:141,1
DA:142,1
DA:145,1
DA:170,1
DA:171,1
DA:172,1
DA:174,1
DA:175,1
DA:178,1
DA:201,1
DA:202,0
DA:203,0
DA:205,0
DA:206,0
DA:209,0
DA:210,0
DA:213,0
DA:230,1
DA:240,6
DA:249,1
DA:258,1
DA:267,1
DA:276,1
DA:285,1
DA:294,1
DA:307,1
DA:325,10
DA:346,8
DA:347,6
DA:348,15
DA:350,2
DA:351,2
DA:353,8
DA:366,1
DA:367,1
DA:380,1
DA:381,1
DA:383,0
DA:385,1
DA:398,0
DA:399,0
DA:401,0
DA:403,0
LF:67
LH:55
BRDA:30,0,0,1
BRDA:30,0,1,3
BRDA:80,1,0,1
BRDA:80,1,1,1
BRDA:108,2,0,1
BRDA:108,2,1,0
BRDA:141,3,0,1
BRDA:141,3,1,0
BRDA:174,4,0,1
BRDA:174,4,1,0
BRDA:205,5,0,0
BRDA:205,5,1,0
BRDA:209,6,0,0
BRDA:209,6,1,0
BRDA:346,7,0,6
BRDA:346,7,1,2
BRDA:350,8,0,2
BRDA:350,8,1,0
BRDA:350,9,0,2
BRDA:350,9,1,2
BRDA:380,10,0,1
BRDA:380,10,1,0
BRDA:398,11,0,0
BRDA:398,11,1,0
BRF:24
BRH:13
end_of_record
TN:
SF:src\themes\base_theme.js
FNF:0
FNH:0
DA:10,0
LF:1
LH:0
BRF:0
BRH:0
end_of_record
TN:
SF:src\themes\classes.js
FNF:0
FNH:0
DA:1,0
DA:12,0
LF:2
LH:0
BRF:0
BRH:0
end_of_record
TN:
SF:src\themes\colorful.js
FNF:0
FNH:0
DA:1,0
DA:8,0
LF:2
LH:0
BRF:0
BRH:0
end_of_record
TN:
SF:src\themes\css_base_theme.js
FN:12,(anonymous_0)
FN:34,(anonymous_1)
FN:44,(anonymous_2)
FNF:3
FNH:0
FNDA:0,(anonymous_0)
FNDA:0,(anonymous_1)
FNDA:0,(anonymous_2)
DA:1,0
DA:2,0
DA:17,0
DA:23,0
DA:28,0
DA:34,0
DA:35,0
DA:36,0
DA:44,0
DA:47,0
DA:54,0
DA:65,0
DA:71,0
DA:79,0
LF:14
LH:0
BRDA:12,0,0,0
BRF:1
BRH:0
end_of_record
TN:
SF:src\themes\default.js
FNF:0
FNH:0
DA:1,0
DA:6,0
LF:2
LH:0
BRF:0
BRH:0
end_of_record
TN:
SF:src\themes\depth.js
FNF:0
FNH:0
DA:1,0
DA:6,0
LF:2
LH:0
BRF:0
BRH:0
end_of_record
TN:
SF:src\themes\index.js
FN:49,(anonymous_0)
FNF:1
FNH:0
FNDA:0,(anonymous_0)
DA:15,0
DA:36,0
DA:49,0
DA:50,0
DA:51,0
DA:52,0
DA:54,0
LF:7
LH:0
BRDA:50,0,0,0
BRDA:50,0,1,0
BRF:2
BRH:0
end_of_record
TN:
SF:src\themes\moody.js
FNF:0
FNH:0
DA:1,0
DA:6,0
LF:2
LH:0
BRF:0
BRH:0
end_of_record
TN:
SF:src\themes\textbook.js
FNF:0
FNH:0
DA:1,0
DA:6,0
LF:2
LH:0
BRF:0
BRH:0
end_of_record
TN:
SF:src\themes\themes.js
FNF:0
FNH:0
DA:12,0
DA:29,0
DA:57,0
DA:79,0
DA:95,0
LF:5
LH:0
BRF:0
BRH:0
end_of_record
TN:
SF:src\themes\themes_test.js
FN:1,(anonymous_0)
FN:5,(anonymous_1)
FN:10,(anonymous_2)
FN:14,(anonymous_3)
FN:24,(anonymous_4)
FNF:5
FNH:0
FNDA:0,(anonymous_0)
FNDA:0,(anonymous_1)
FNDA:0,(anonymous_2)
FNDA:0,(anonymous_3)
FNDA:0,(anonymous_4)
DA:1,0
DA:2,0
DA:3,0
DA:5,0
DA:6,0
DA:7,0
DA:10,0
DA:11,0
DA:14,0
DA:15,0
DA:16,0
DA:17,0
DA:19,0
DA:21,0
DA:24,0
DA:25,0
DA:26,0
DA:27,0
DA:28,0
DA:30,0
DA:31,0
LF:21
LH:0
BRF:0
BRH:0
end_of_record
TN:
SF:src\themes\transparent.js
FNF:0
FNH:0
DA:1,0
DA:6,0
LF:2
LH:0
BRF:0
BRH:0
end_of_record
TN:
SF:src\util\enums.js
FNF:0
FNH:0
DA:11,1
DA:32,1
DA:71,1
DA:89,1
LF:4
LH:4
BRF:0
BRH:0
end_of_record
TN:
SF:src\util\index.js
FN:35,(anonymous_0)
FN:41,(anonymous_1)
FN:42,(anonymous_2)
FN:55,(anonymous_3)
FN:69,(anonymous_4)
FN:87,(anonymous_5)
FN:97,(anonymous_6)
FN:116,(anonymous_7)
FN:118,(anonymous_8)
FN:119,(anonymous_9)
FN:120,(anonymous_10)
FN:121,(anonymous_11)
FN:124,(anonymous_12)
FN:143,(anonymous_13)
FNF:14
FNH:4
FNDA:7,(anonymous_0)
FNDA:101,(anonymous_1)
FNDA:3131,(anonymous_2)
FNDA:2,(anonymous_3)
FNDA:0,(anonymous_4)
FNDA:0,(anonymous_5)
FNDA:0,(anonymous_6)
FNDA:0,(anonymous_7)
FNDA:0,(anonymous_8)
FNDA:0,(anonymous_9)
FNDA:0,(anonymous_10)
FNDA:0,(anonymous_11)
FNDA:0,(anonymous_12)
FNDA:0,(anonymous_13)
DA:35,7
DA:41,1
DA:42,101
DA:43,3131
DA:44,3131
DA:45,3131
DA:55,1
DA:56,2
DA:60,1
DA:69,1
DA:70,0
DA:71,0
DA:74,0
DA:75,0
DA:78,0
DA:87,1
DA:88,0
DA:97,1
DA:98,0
DA:99,0
DA:102,0
DA:103,0
DA:106,0
DA:116,1
DA:117,0
DA:118,0
DA:119,0
DA:120,0
DA:121,0
DA:125,0
DA:126,0
DA:130,0
DA:131,0
DA:132,0
DA:133,0
DA:134,0
DA:135,0
DA:139,0
DA:144,0
DA:145,0
DA:149,0
DA:150,0
DA:151,0
DA:152,0
DA:153,0
DA:154,0
DA:158,0
LF:47
LH:13
BRDA:35,0,0,7
BRDA:35,0,1,6
BRDA:44,1,0,3030
BRDA:44,1,1,101
BRDA:70,2,0,0
BRDA:70,2,1,0
BRDA:74,3,0,0
BRDA:74,3,1,0
BRDA:98,4,0,0
BRDA:98,4,1,0
BRDA:98,5,0,0
BRDA:98,5,1,0
BRDA:102,6,0,0
BRDA:102,6,1,0
BRDA:120,7,0,0
BRDA:120,7,1,0
BRDA:125,8,0,0
BRDA:125,8,1,0
BRDA:130,9,0,0
BRDA:130,9,1,0
BRDA:132,10,0,0
BRDA:132,10,1,0
BRDA:134,11,0,0
BRDA:134,11,1,0
BRDA:144,12,0,0
BRDA:144,12,1,0
BRDA:149,13,0,0
BRDA:149,13,1,0
BRDA:151,14,0,0
BRDA:151,14,1,0
BRDA:153,15,0,0
BRDA:153,15,1,0
BRF:32
BRH:4
end_of_record
TN:
SF:src\widgets\base_widget.js
FN:13,(anonymous_0)
FN:85,(anonymous_1)
FN:106,(anonymous_2)
FN:126,(anonymous_3)
FN:199,(anonymous_4)
FN:200,(anonymous_5)
FN:201,(anonymous_6)
FN:209,(anonymous_7)
FN:217,(anonymous_8)
FN:232,(anonymous_9)
FN:259,(anonymous_10)
FN:274,(anonymous_11)
FN:294,(anonymous_12)
FN:309,(anonymous_13)
FNF:14
FNH:0
FNDA:0,(anonymous_0)
FNDA:0,(anonymous_1)
FNDA:0,(anonymous_2)
FNDA:0,(anonymous_3)
FNDA:0,(anonymous_4)
FNDA:0,(anonymous_5)
FNDA:0,(anonymous_6)
FNDA:0,(anonymous_7)
FNDA:0,(anonymous_8)
FNDA:0,(anonymous_9)
FNDA:0,(anonymous_10)
FNDA:0,(anonymous_11)
FNDA:0,(anonymous_12)
FNDA:0,(anonymous_13)
DA:18,0
DA:24,0
DA:30,0
DA:36,0
DA:42,0
DA:48,0
DA:54,0
DA:61,0
DA:68,0
DA:75,0
DA:78,0
DA:86,0
DA:88,0
DA:91,0
DA:94,0
DA:95,0
DA:98,0
DA:108,0
DA:109,0
DA:110,0
DA:114,0
DA:115,0
DA:119,0
DA:128,0
DA:129,0
DA:132,0
DA:133,0
DA:136,0
DA:137,0
DA:142,0
DA:143,0
DA:148,0
DA:149,0
DA:151,0
DA:152,0
DA:153,0
DA:154,0
DA:157,0
DA:173,0
DA:176,0
DA:177,0
DA:179,0
DA:180,0
DA:181,0
DA:182,0
DA:183,0
DA:186,0
DA:187,0
DA:188,0
DA:191,0
DA:194,0
DA:198,0
DA:200,0
DA:201,0
DA:210,0
DA:218,0
DA:219,0
DA:220,0
DA:222,0
DA:223,0
DA:226,0
DA:234,0
DA:237,0
DA:238,0
DA:239,0
DA:241,0
DA:242,0
DA:247,0
DA:248,0
DA:249,0
DA:260,0
DA:261,0
DA:264,0
DA:265,0
DA:275,0
DA:276,0
DA:279,0
DA:280,0
DA:281,0
DA:282,0
DA:285,0
DA:295,0
DA:296,0
DA:299,0
DA:300,0
DA:301,0
DA:310,0
LF:87
LH:0
BRDA:30,0,0,0
BRDA:30,0,1,0
BRDA:36,1,0,0
BRDA:36,1,1,0
BRDA:54,2,0,0
BRDA:54,2,1,0
BRDA:94,3,0,0
BRDA:94,3,1,0
BRDA:109,4,0,0
BRDA:109,4,1,0
BRDA:133,5,0,0
BRDA:133,5,1,0
BRDA:162,6,0,0
BRDA:162,6,1,0
BRDA:163,7,0,0
BRDA:163,7,1,0
BRDA:164,8,0,0
BRDA:164,8,1,0
BRDA:168,9,0,0
BRDA:168,9,1,0
BRDA:176,10,0,0
BRDA:176,10,1,0
BRDA:176,11,0,0
BRDA:176,11,1,0
BRDA:186,12,0,0
BRDA:186,12,1,0
BRDA:218,13,0,0
BRDA:218,13,1,0
BRDA:219,14,0,0
BRDA:219,14,1,0
BRDA:222,15,0,0
BRDA:222,15,1,0
BRDA:237,16,0,0
BRDA:237,16,1,0
BRDA:238,17,0,0
BRDA:238,17,1,0
BRDA:241,18,0,0
BRDA:241,18,1,0
BRDA:248,19,0,0
BRDA:248,19,1,0
BRDA:260,20,0,0
BRDA:260,20,1,0
BRDA:275,21,0,0
BRDA:275,21,1,0
BRDA:281,22,0,0
BRDA:281,22,1,0
BRDA:295,23,0,0
BRDA:295,23,1,0
BRF:48
BRH:0
end_of_record
TN:
SF:src\widgets\base_widget_test.js
FN:1,(anonymous_0)
FN:6,(anonymous_1)
FNF:2
FNH:0
FNDA:0,(anonymous_0)
FNDA:0,(anonymous_1)
DA:1,0
DA:2,0
DA:3,0
DA:4,0
DA:6,0
DA:7,0
DA:8,0
DA:10,0
DA:11,0
DA:12,0
DA:19,0
DA:24,0
DA:26,0
DA:31,0
DA:33,0
DA:38,0
LF:16
LH:0
BRF:0
BRH:0
end_of_record
TN:
SF:src\widgets\id_generator.js
FN:16,(anonymous_0)
FN:28,(anonymous_1)
FNF:2
FNH:0
FNDA:0,(anonymous_0)
FNDA:0,(anonymous_1)
DA:1,0
DA:2,0
DA:21,0
DA:29,0
DA:30,0
DA:31,0
DA:39,0
LF:7
LH:0
BRDA:16,0,0,0
BRF:1
BRH:0
end_of_record
TN:
SF:src\widgets\index.js
FN:21,(anonymous_0)
FN:31,(anonymous_1)
FN:48,(anonymous_2)
FN:62,(anonymous_3)
FN:73,(anonymous_4)
FN:91,(anonymous_5)
FNF:6
FNH:0
FNDA:0,(anonymous_0)
FNDA:0,(anonymous_1)
FNDA:0,(anonymous_2)
FNDA:0,(anonymous_3)
FNDA:0,(anonymous_4)
FNDA:0,(anonymous_5)
DA:21,0
DA:22,0
DA:31,0
DA:32,0
DA:33,0
DA:34,0
DA:37,0
DA:54,0
DA:63,0
DA:64,0
DA:65,0
DA:74,0
DA:78,0
DA:79,0
DA:81,0
DA:82,0
DA:83,0
DA:92,0
LF:18
LH:0
BRDA:21,0,0,0
BRDA:32,1,0,0
BRDA:32,1,1,0
BRDA:32,2,0,0
BRDA:32,2,1,0
BRDA:74,3,0,0
BRDA:74,3,1,0
BRDA:79,4,0,0
BRDA:79,4,1,0
BRF:9
BRH:0
end_of_record
TN:
SF:src\widgets\manager.js
FN:23,(anonymous_0)
FN:160,(anonymous_1)
FN:161,(anonymous_2)
FN:170,(anonymous_3)
FN:181,(anonymous_4)
FN:195,(anonymous_5)
FN:205,(anonymous_6)
FN:213,(anonymous_7)
FN:226,(anonymous_8)
FN:254,(anonymous_9)
FN:259,(anonymous_10)
FN:278,(anonymous_11)
FN:303,(anonymous_12)
FN:340,(anonymous_13)
FN:374,(anonymous_14)
FN:395,(anonymous_15)
FN:411,(anonymous_16)
FN:429,(anonymous_17)
FN:438,(anonymous_18)
FN:449,(anonymous_19)
FN:474,(anonymous_20)
FN:482,(anonymous_21)
FN:494,(anonymous_22)
FN:497,(anonymous_23)
FN:510,(anonymous_24)
FN:511,(anonymous_25)
FN:514,(anonymous_26)
FN:515,(anonymous_27)
FN:529,(anonymous_28)
FN:543,(anonymous_29)
FN:549,(anonymous_30)
FN:558,(anonymous_31)
FN:567,(anonymous_32)
FNF:33
FNH:0
FNDA:0,(anonymous_0)
FNDA:0,(anonymous_1)
FNDA:0,(anonymous_2)
FNDA:0,(anonymous_3)
FNDA:0,(anonymous_4)
FNDA:0,(anonymous_5)
FNDA:0,(anonymous_6)
FNDA:0,(anonymous_7)
FNDA:0,(anonymous_8)
FNDA:0,(anonymous_9)
FNDA:0,(anonymous_10)
FNDA:0,(anonymous_11)
FNDA:0,(anonymous_12)
FNDA:0,(anonymous_13)
FNDA:0,(anonymous_14)
FNDA:0,(anonymous_15)
FNDA:0,(anonymous_16)
FNDA:0,(anonymous_17)
FNDA:0,(anonymous_18)
FNDA:0,(anonymous_19)
FNDA:0,(anonymous_20)
FNDA:0,(anonymous_21)
FNDA:0,(anonymous_22)
FNDA:0,(anonymous_23)
FNDA:0,(anonymous_24)
FNDA:0,(anonymous_25)
FNDA:0,(anonymous_26)
FNDA:0,(anonymous_27)
FNDA:0,(anonymous_28)
FNDA:0,(anonymous_29)
FNDA:0,(anonymous_30)
FNDA:0,(anonymous_31)
FNDA:0,(anonymous_32)
DA:28,0
DA:31,0
DA:34,0
DA:40,0
DA:46,0
DA:52,0
DA:58,0
DA:64,0
DA:70,0
DA:73,0
DA:80,0
DA:86,0
DA:92,0
DA:98,0
DA:104,0
DA:110,0
DA:116,0
DA:122,0
DA:129,0
DA:135,0
DA:141,0
DA:147,0
DA:153,0
DA:161,0
DA:162,0
DA:164,0
DA:165,0
DA:167,0
DA:168,0
DA:172,0
DA:173,0
DA:178,0
DA:179,0
DA:182,0
DA:183,0
DA:187,0
DA:189,0
DA:196,0
DA:197,0
DA:198,0
DA:206,0
DA:214,0
DA:215,0
DA:217,0
DA:228,0
DA:229,0
DA:230,0
DA:231,0
DA:233,0
DA:234,0
DA:238,0
DA:240,0
DA:241,0
DA:243,0
DA:245,0
DA:247,0
DA:255,0
DA:260,0
DA:265,0
DA:266,0
DA:271,0
DA:273,0
DA:279,0
DA:284,0
DA:285,0
DA:290,0
DA:292,0
DA:304,0
DA:305,0
DA:313,0
DA:315,0
DA:316,0
DA:317,0
DA:318,0
DA:320,0
DA:323,0
DA:325,0
DA:327,0
DA:329,0
DA:342,0
DA:343,0
DA:344,0
DA:345,0
DA:346,0
DA:347,0
DA:348,0
DA:349,0
DA:350,0
DA:351,0
DA:353,0
DA:354,0
DA:355,0
DA:357,0
DA:375,0
DA:376,0
DA:377,0
DA:379,0
DA:380,0
DA:381,0
DA:383,0
DA:384,0
DA:386,0
DA:396,0
DA:397,0
DA:399,0
DA:412,0
DA:430,0
DA:431,0
DA:432,0
DA:439,0
DA:440,0
DA:441,0
DA:450,0
DA:451,0
DA:453,0
DA:454,0
DA:458,0
DA:459,0
DA:460,0
DA:461,0
DA:462,0
DA:465,0
DA:475,0
DA:483,0
DA:495,0
DA:498,0
DA:499,0
DA:500,0
DA:511,0
DA:512,0
DA:513,0
DA:514,0
DA:515,0
DA:516,0
DA:521,0
DA:530,0
DA:546,0
DA:547,0
DA:549,0
DA:550,0
DA:559,0
DA:560,0
DA:568,0
DA:569,0
DA:570,0
DA:572,0
DA:573,0
DA:574,0
DA:576,0
LF:149
LH:0
BRDA:34,0,0,0
BRDA:34,0,1,0
BRDA:80,1,0,0
BRDA:80,1,1,0
BRDA:86,2,0,0
BRDA:86,2,1,0
BRDA:98,3,0,0
BRDA:98,3,1,0
BRDA:104,4,0,0
BRDA:104,4,1,0
BRDA:110,5,0,0
BRDA:110,5,1,0
BRDA:116,6,0,0
BRDA:116,6,1,0
BRDA:122,7,0,0
BRDA:122,7,1,0
BRDA:153,8,0,0
BRDA:153,8,1,0
BRDA:162,9,0,0
BRDA:162,9,1,0
BRDA:162,10,0,0
BRDA:162,10,1,0
BRDA:178,11,0,0
BRDA:178,11,1,0
BRDA:178,12,0,0
BRDA:178,12,1,0
BRDA:197,13,0,0
BRDA:197,13,1,0
BRDA:214,14,0,0
BRDA:214,14,1,0
BRDA:228,15,0,0
BRDA:228,15,1,0
BRDA:233,16,0,0
BRDA:233,16,1,0
BRDA:233,17,0,0
BRDA:233,17,1,0
BRDA:238,18,0,0
BRDA:238,18,1,0
BRDA:238,19,0,0
BRDA:238,19,1,0
BRDA:241,20,0,0
BRDA:241,20,1,0
BRDA:241,21,0,0
BRDA:241,21,1,0
BRDA:245,22,0,0
BRDA:245,22,1,0
BRDA:260,23,0,0
BRDA:260,23,1,0
BRDA:261,24,0,0
BRDA:261,24,1,0
BRDA:261,24,2,0
BRDA:266,25,0,0
BRDA:266,25,1,0
BRDA:267,26,0,0
BRDA:267,26,1,0
BRDA:267,26,2,0
BRDA:279,27,0,0
BRDA:279,27,1,0
BRDA:280,28,0,0
BRDA:280,28,1,0
BRDA:280,28,2,0
BRDA:285,29,0,0
BRDA:285,29,1,0
BRDA:286,30,0,0
BRDA:286,30,1,0
BRDA:286,30,2,0
BRDA:304,31,0,0
BRDA:304,31,1,0
BRDA:304,32,0,0
BRDA:304,32,1,0
BRDA:315,33,0,0
BRDA:315,33,1,0
BRDA:318,34,0,0
BRDA:318,34,1,0
BRDA:342,35,0,0
BRDA:342,35,1,0
BRDA:342,36,0,0
BRDA:342,36,1,0
BRDA:346,37,0,0
BRDA:346,37,1,0
BRDA:346,38,0,0
BRDA:346,38,1,0
BRDA:350,39,0,0
BRDA:350,39,1,0
BRDA:354,40,0,0
BRDA:354,40,1,0
BRDA:354,41,0,0
BRDA:354,41,1,0
BRDA:377,42,0,0
BRDA:377,42,1,0
BRDA:377,43,0,0
BRDA:377,43,1,0
BRDA:381,44,0,0
BRDA:381,44,1,0
BRDA:381,45,0,0
BRDA:381,45,1,0
BRDA:396,46,0,0
BRDA:396,46,1,0
BRDA:430,47,0,0
BRDA:430,47,1,0
BRDA:439,48,0,0
BRDA:439,48,1,0
BRDA:450,49,0,0
BRDA:450,49,1,0
BRDA:453,50,0,0
BRDA:453,50,1,0
BRDA:459,51,0,0
BRDA:459,51,1,0
BRDA:461,52,0,0
BRDA:461,52,1,0
BRDA:512,53,0,0
BRDA:512,53,1,0
BRDA:546,54,0,0
BRDA:546,54,1,0
BRDA:568,55,0,0
BRDA:568,55,1,0
BRDA:572,56,0,0
BRDA:572,56,1,0
BRF:118
BRH:0
end_of_record
TN:
SF:src\widgets\widgets.js
FNF:0
FNH:0
DA:1,0
DA:12,0
LF:2
LH:0
BRF:0
BRH:0
end_of_record
